2025-11-05 23:57:52,466 [INFO] \u2705 Flask app started with logging enabled.
2025-11-05 23:57:52,510 [INFO] [31m[1mWARNING: This is a development server. Do not use it in a production deployment. Use a production WSGI server instead.[0m
 * Running on all addresses (0.0.0.0)
 * Running on http://127.0.0.1:5000
 * Running on http://192.168.0.34:5000
2025-11-05 23:57:52,510 [INFO] [33mPress CTRL+C to quit[0m
2025-12-04 12:25:53,719 [INFO] [31m[1mWARNING: This is a development server. Do not use it in a production deployment. Use a production WSGI server instead.[0m
 * Running on http://127.0.0.1:5000
2025-12-04 12:25:53,720 [INFO] [33mPress CTRL+C to quit[0m
2025-12-04 12:26:09,218 [INFO] 127.0.0.1 - - [04/Dec/2025 12:26:09] "GET / HTTP/1.1" 200 -
2025-12-04 12:26:09,235 [WARNING] 404 Not Found: /static/images/graph.png
2025-12-04 12:26:09,238 [ERROR] Exception on /static/images/graph.png [GET]
Traceback (most recent call last):
  File "C:\Users\Lily Jayne Baxendale\anaconda3\Lib\site-packages\flask\app.py", line 917, in full_dispatch_request
    rv = self.dispatch_request()
  File "C:\Users\Lily Jayne Baxendale\anaconda3\Lib\site-packages\flask\app.py", line 902, in dispatch_request
    return self.ensure_sync(self.view_functions[rule.endpoint])(**view_args)  # type: ignore[no-any-return]
           ~~~~~~~~~~~~~~~~~~~~~~~~~~~~~~~~~~~~~~~~~~~~~~~~~~~~^^^^^^^^^^^^^
  File "C:\Users\Lily Jayne Baxendale\anaconda3\Lib\site-packages\flask\app.py", line 278, in <lambda>
    view_func=lambda **kw: self_ref().send_static_file(**kw),  # type: ignore # noqa: B950
                           ~~~~~~~~~~~~~~~~~~~~~~~~~~~^^^^^^
  File "C:\Users\Lily Jayne Baxendale\anaconda3\Lib\site-packages\flask\app.py", line 326, in send_static_file
    return send_from_directory(
        t.cast(str, self.static_folder), filename, max_age=max_age
    )
  File "C:\Users\Lily Jayne Baxendale\anaconda3\Lib\site-packages\flask\helpers.py", line 565, in send_from_directory
    return werkzeug.utils.send_from_directory(  # type: ignore[return-value]
           ~~~~~~~~~~~~~~~~~~~~~~~~~~~~~~~~~~^^^^^^^^^^^^^^^^^^^^^^^^^^^^^^^
        directory, path, **_prepare_send_file_kwargs(**kwargs)
        ^^^^^^^^^^^^^^^^^^^^^^^^^^^^^^^^^^^^^^^^^^^^^^^^^^^^^^
    )
    ^
  File "C:\Users\Lily Jayne Baxendale\anaconda3\Lib\site-packages\werkzeug\utils.py", line 575, in send_from_directory
    raise NotFound()
werkzeug.exceptions.NotFound: 404 Not Found: The requested URL was not found on the server. If you entered the URL manually please check your spelling and try again.

During handling of the above exception, another exception occurred:

Traceback (most recent call last):
  File "C:\Users\Lily Jayne Baxendale\anaconda3\Lib\site-packages\flask\app.py", line 1511, in wsgi_app
    response = self.full_dispatch_request()
  File "C:\Users\Lily Jayne Baxendale\anaconda3\Lib\site-packages\flask\app.py", line 919, in full_dispatch_request
    rv = self.handle_user_exception(e)
  File "C:\Users\Lily Jayne Baxendale\anaconda3\Lib\site-packages\flask\app.py", line 802, in handle_user_exception
    return self.handle_http_exception(e)
           ~~~~~~~~~~~~~~~~~~~~~~~~~~^^^
  File "C:\Users\Lily Jayne Baxendale\anaconda3\Lib\site-packages\flask\app.py", line 777, in handle_http_exception
    return self.ensure_sync(handler)(e)  # type: ignore[no-any-return]
           ~~~~~~~~~~~~~~~~~~~~~~~~~^^^
  File "C:\Users\Lily Jayne Baxendale\AppData\Local\Temp\ipykernel_32252\2561818670.py", line 313, in not_found
    return render_template("404.html"), 404
           ~~~~~~~~~~~~~~~^^^^^^^^^^^^
  File "C:\Users\Lily Jayne Baxendale\anaconda3\Lib\site-packages\flask\templating.py", line 149, in render_template
    template = app.jinja_env.get_or_select_template(template_name_or_list)
  File "C:\Users\Lily Jayne Baxendale\anaconda3\Lib\site-packages\jinja2\environment.py", line 1087, in get_or_select_template
    return self.get_template(template_name_or_list, parent, globals)
           ~~~~~~~~~~~~~~~~~^^^^^^^^^^^^^^^^^^^^^^^^^^^^^^^^^^^^^^^^
  File "C:\Users\Lily Jayne Baxendale\anaconda3\Lib\site-packages\jinja2\environment.py", line 1016, in get_template
    return self._load_template(name, globals)
           ~~~~~~~~~~~~~~~~~~~^^^^^^^^^^^^^^^
  File "C:\Users\Lily Jayne Baxendale\anaconda3\Lib\site-packages\jinja2\environment.py", line 975, in _load_template
    template = self.loader.load(self, name, self.make_globals(globals))
  File "C:\Users\Lily Jayne Baxendale\anaconda3\Lib\site-packages\jinja2\loaders.py", line 126, in load
    source, filename, uptodate = self.get_source(environment, name)
                                 ~~~~~~~~~~~~~~~^^^^^^^^^^^^^^^^^^^
  File "C:\Users\Lily Jayne Baxendale\anaconda3\Lib\site-packages\flask\templating.py", line 65, in get_source
    return self._get_source_fast(environment, template)
           ~~~~~~~~~~~~~~~~~~~~~^^^^^^^^^^^^^^^^^^^^^^^
  File "C:\Users\Lily Jayne Baxendale\anaconda3\Lib\site-packages\flask\templating.py", line 99, in _get_source_fast
    raise TemplateNotFound(template)
jinja2.exceptions.TemplateNotFound: 404.html
2025-12-04 12:26:09,248 [INFO] 127.0.0.1 - - [04/Dec/2025 12:26:09] "[35m[1mGET /static/images/graph.png HTTP/1.1[0m" 500 -
2025-12-04 12:26:09,313 [INFO] 127.0.0.1 - - [04/Dec/2025 12:26:09] "GET /static/css/homepage.css HTTP/1.1" 200 -
2025-12-04 12:26:10,125 [WARNING] 404 Not Found: /favicon.ico
2025-12-04 12:26:10,129 [ERROR] Exception on /favicon.ico [GET]
Traceback (most recent call last):
  File "C:\Users\Lily Jayne Baxendale\anaconda3\Lib\site-packages\flask\app.py", line 917, in full_dispatch_request
    rv = self.dispatch_request()
  File "C:\Users\Lily Jayne Baxendale\anaconda3\Lib\site-packages\flask\app.py", line 891, in dispatch_request
    self.raise_routing_exception(req)
    ~~~~~~~~~~~~~~~~~~~~~~~~~~~~^^^^^
  File "C:\Users\Lily Jayne Baxendale\anaconda3\Lib\site-packages\flask\app.py", line 500, in raise_routing_exception
    raise request.routing_exception  # type: ignore[misc]
    ^^^^^^^^^^^^^^^^^^^^^^^^^^^^^^^
  File "C:\Users\Lily Jayne Baxendale\anaconda3\Lib\site-packages\flask\ctx.py", line 362, in match_request
    result = self.url_adapter.match(return_rule=True)  # type: ignore
  File "C:\Users\Lily Jayne Baxendale\anaconda3\Lib\site-packages\werkzeug\routing\map.py", line 629, in match
    raise NotFound() from None
werkzeug.exceptions.NotFound: 404 Not Found: The requested URL was not found on the server. If you entered the URL manually please check your spelling and try again.

During handling of the above exception, another exception occurred:

Traceback (most recent call last):
  File "C:\Users\Lily Jayne Baxendale\anaconda3\Lib\site-packages\flask\app.py", line 1511, in wsgi_app
    response = self.full_dispatch_request()
  File "C:\Users\Lily Jayne Baxendale\anaconda3\Lib\site-packages\flask\app.py", line 919, in full_dispatch_request
    rv = self.handle_user_exception(e)
  File "C:\Users\Lily Jayne Baxendale\anaconda3\Lib\site-packages\flask\app.py", line 802, in handle_user_exception
    return self.handle_http_exception(e)
           ~~~~~~~~~~~~~~~~~~~~~~~~~~^^^
  File "C:\Users\Lily Jayne Baxendale\anaconda3\Lib\site-packages\flask\app.py", line 777, in handle_http_exception
    return self.ensure_sync(handler)(e)  # type: ignore[no-any-return]
           ~~~~~~~~~~~~~~~~~~~~~~~~~^^^
  File "C:\Users\Lily Jayne Baxendale\AppData\Local\Temp\ipykernel_32252\2561818670.py", line 313, in not_found
    return render_template("404.html"), 404
           ~~~~~~~~~~~~~~~^^^^^^^^^^^^
  File "C:\Users\Lily Jayne Baxendale\anaconda3\Lib\site-packages\flask\templating.py", line 149, in render_template
    template = app.jinja_env.get_or_select_template(template_name_or_list)
  File "C:\Users\Lily Jayne Baxendale\anaconda3\Lib\site-packages\jinja2\environment.py", line 1087, in get_or_select_template
    return self.get_template(template_name_or_list, parent, globals)
           ~~~~~~~~~~~~~~~~~^^^^^^^^^^^^^^^^^^^^^^^^^^^^^^^^^^^^^^^^
  File "C:\Users\Lily Jayne Baxendale\anaconda3\Lib\site-packages\jinja2\environment.py", line 1016, in get_template
    return self._load_template(name, globals)
           ~~~~~~~~~~~~~~~~~~~^^^^^^^^^^^^^^^
  File "C:\Users\Lily Jayne Baxendale\anaconda3\Lib\site-packages\jinja2\environment.py", line 975, in _load_template
    template = self.loader.load(self, name, self.make_globals(globals))
  File "C:\Users\Lily Jayne Baxendale\anaconda3\Lib\site-packages\jinja2\loaders.py", line 126, in load
    source, filename, uptodate = self.get_source(environment, name)
                                 ~~~~~~~~~~~~~~~^^^^^^^^^^^^^^^^^^^
  File "C:\Users\Lily Jayne Baxendale\anaconda3\Lib\site-packages\flask\templating.py", line 65, in get_source
    return self._get_source_fast(environment, template)
           ~~~~~~~~~~~~~~~~~~~~~^^^^^^^^^^^^^^^^^^^^^^^
  File "C:\Users\Lily Jayne Baxendale\anaconda3\Lib\site-packages\flask\templating.py", line 99, in _get_source_fast
    raise TemplateNotFound(template)
jinja2.exceptions.TemplateNotFound: 404.html
2025-12-04 12:26:10,140 [INFO] 127.0.0.1 - - [04/Dec/2025 12:26:10] "[35m[1mGET /favicon.ico HTTP/1.1[0m" 500 -
2025-12-04 12:27:45,290 [INFO] 127.0.0.1 - - [04/Dec/2025 12:27:45] "GET / HTTP/1.1" 200 -
2025-12-04 12:27:45,322 [INFO] 127.0.0.1 - - [04/Dec/2025 12:27:45] "[36mGET /static/css/homepage.css HTTP/1.1[0m" 304 -
2025-12-04 12:27:45,329 [INFO] 127.0.0.1 - - [04/Dec/2025 12:27:45] "GET /static/images/graph.png HTTP/1.1" 200 -
2025-12-04 12:27:45,344 [WARNING] 404 Not Found: /favicon.ico
2025-12-04 12:27:45,348 [ERROR] Exception on /favicon.ico [GET]
Traceback (most recent call last):
  File "C:\Users\Lily Jayne Baxendale\anaconda3\Lib\site-packages\flask\app.py", line 917, in full_dispatch_request
    rv = self.dispatch_request()
  File "C:\Users\Lily Jayne Baxendale\anaconda3\Lib\site-packages\flask\app.py", line 891, in dispatch_request
    self.raise_routing_exception(req)
    ~~~~~~~~~~~~~~~~~~~~~~~~~~~~^^^^^
  File "C:\Users\Lily Jayne Baxendale\anaconda3\Lib\site-packages\flask\app.py", line 500, in raise_routing_exception
    raise request.routing_exception  # type: ignore[misc]
    ^^^^^^^^^^^^^^^^^^^^^^^^^^^^^^^
  File "C:\Users\Lily Jayne Baxendale\anaconda3\Lib\site-packages\flask\ctx.py", line 362, in match_request
    result = self.url_adapter.match(return_rule=True)  # type: ignore
  File "C:\Users\Lily Jayne Baxendale\anaconda3\Lib\site-packages\werkzeug\routing\map.py", line 629, in match
    raise NotFound() from None
werkzeug.exceptions.NotFound: 404 Not Found: The requested URL was not found on the server. If you entered the URL manually please check your spelling and try again.

During handling of the above exception, another exception occurred:

Traceback (most recent call last):
  File "C:\Users\Lily Jayne Baxendale\anaconda3\Lib\site-packages\flask\app.py", line 1511, in wsgi_app
    response = self.full_dispatch_request()
  File "C:\Users\Lily Jayne Baxendale\anaconda3\Lib\site-packages\flask\app.py", line 919, in full_dispatch_request
    rv = self.handle_user_exception(e)
  File "C:\Users\Lily Jayne Baxendale\anaconda3\Lib\site-packages\flask\app.py", line 802, in handle_user_exception
    return self.handle_http_exception(e)
           ~~~~~~~~~~~~~~~~~~~~~~~~~~^^^
  File "C:\Users\Lily Jayne Baxendale\anaconda3\Lib\site-packages\flask\app.py", line 777, in handle_http_exception
    return self.ensure_sync(handler)(e)  # type: ignore[no-any-return]
           ~~~~~~~~~~~~~~~~~~~~~~~~~^^^
  File "C:\Users\Lily Jayne Baxendale\AppData\Local\Temp\ipykernel_32252\2561818670.py", line 313, in not_found
    return render_template("404.html"), 404
           ~~~~~~~~~~~~~~~^^^^^^^^^^^^
  File "C:\Users\Lily Jayne Baxendale\anaconda3\Lib\site-packages\flask\templating.py", line 149, in render_template
    template = app.jinja_env.get_or_select_template(template_name_or_list)
  File "C:\Users\Lily Jayne Baxendale\anaconda3\Lib\site-packages\jinja2\environment.py", line 1087, in get_or_select_template
    return self.get_template(template_name_or_list, parent, globals)
           ~~~~~~~~~~~~~~~~~^^^^^^^^^^^^^^^^^^^^^^^^^^^^^^^^^^^^^^^^
  File "C:\Users\Lily Jayne Baxendale\anaconda3\Lib\site-packages\jinja2\environment.py", line 1016, in get_template
    return self._load_template(name, globals)
           ~~~~~~~~~~~~~~~~~~~^^^^^^^^^^^^^^^
  File "C:\Users\Lily Jayne Baxendale\anaconda3\Lib\site-packages\jinja2\environment.py", line 975, in _load_template
    template = self.loader.load(self, name, self.make_globals(globals))
  File "C:\Users\Lily Jayne Baxendale\anaconda3\Lib\site-packages\jinja2\loaders.py", line 126, in load
    source, filename, uptodate = self.get_source(environment, name)
                                 ~~~~~~~~~~~~~~~^^^^^^^^^^^^^^^^^^^
  File "C:\Users\Lily Jayne Baxendale\anaconda3\Lib\site-packages\flask\templating.py", line 65, in get_source
    return self._get_source_fast(environment, template)
           ~~~~~~~~~~~~~~~~~~~~~^^^^^^^^^^^^^^^^^^^^^^^
  File "C:\Users\Lily Jayne Baxendale\anaconda3\Lib\site-packages\flask\templating.py", line 99, in _get_source_fast
    raise TemplateNotFound(template)
jinja2.exceptions.TemplateNotFound: 404.html
2025-12-04 12:27:45,352 [INFO] 127.0.0.1 - - [04/Dec/2025 12:27:45] "[35m[1mGET /favicon.ico HTTP/1.1[0m" 500 -
2025-12-04 12:27:50,180 [INFO] 127.0.0.1 - - [04/Dec/2025 12:27:50] "GET /about HTTP/1.1" 200 -
2025-12-04 12:27:50,204 [INFO] 127.0.0.1 - - [04/Dec/2025 12:27:50] "GET /static/css/about.css HTTP/1.1" 200 -
2025-12-04 12:27:50,217 [WARNING] 404 Not Found: /favicon.ico
2025-12-04 12:27:50,220 [ERROR] Exception on /favicon.ico [GET]
Traceback (most recent call last):
  File "C:\Users\Lily Jayne Baxendale\anaconda3\Lib\site-packages\flask\app.py", line 917, in full_dispatch_request
    rv = self.dispatch_request()
  File "C:\Users\Lily Jayne Baxendale\anaconda3\Lib\site-packages\flask\app.py", line 891, in dispatch_request
    self.raise_routing_exception(req)
    ~~~~~~~~~~~~~~~~~~~~~~~~~~~~^^^^^
  File "C:\Users\Lily Jayne Baxendale\anaconda3\Lib\site-packages\flask\app.py", line 500, in raise_routing_exception
    raise request.routing_exception  # type: ignore[misc]
    ^^^^^^^^^^^^^^^^^^^^^^^^^^^^^^^
  File "C:\Users\Lily Jayne Baxendale\anaconda3\Lib\site-packages\flask\ctx.py", line 362, in match_request
    result = self.url_adapter.match(return_rule=True)  # type: ignore
  File "C:\Users\Lily Jayne Baxendale\anaconda3\Lib\site-packages\werkzeug\routing\map.py", line 629, in match
    raise NotFound() from None
werkzeug.exceptions.NotFound: 404 Not Found: The requested URL was not found on the server. If you entered the URL manually please check your spelling and try again.

During handling of the above exception, another exception occurred:

Traceback (most recent call last):
  File "C:\Users\Lily Jayne Baxendale\anaconda3\Lib\site-packages\flask\app.py", line 1511, in wsgi_app
    response = self.full_dispatch_request()
  File "C:\Users\Lily Jayne Baxendale\anaconda3\Lib\site-packages\flask\app.py", line 919, in full_dispatch_request
    rv = self.handle_user_exception(e)
  File "C:\Users\Lily Jayne Baxendale\anaconda3\Lib\site-packages\flask\app.py", line 802, in handle_user_exception
    return self.handle_http_exception(e)
           ~~~~~~~~~~~~~~~~~~~~~~~~~~^^^
  File "C:\Users\Lily Jayne Baxendale\anaconda3\Lib\site-packages\flask\app.py", line 777, in handle_http_exception
    return self.ensure_sync(handler)(e)  # type: ignore[no-any-return]
           ~~~~~~~~~~~~~~~~~~~~~~~~~^^^
  File "C:\Users\Lily Jayne Baxendale\AppData\Local\Temp\ipykernel_32252\2561818670.py", line 313, in not_found
    return render_template("404.html"), 404
           ~~~~~~~~~~~~~~~^^^^^^^^^^^^
  File "C:\Users\Lily Jayne Baxendale\anaconda3\Lib\site-packages\flask\templating.py", line 149, in render_template
    template = app.jinja_env.get_or_select_template(template_name_or_list)
  File "C:\Users\Lily Jayne Baxendale\anaconda3\Lib\site-packages\jinja2\environment.py", line 1087, in get_or_select_template
    return self.get_template(template_name_or_list, parent, globals)
           ~~~~~~~~~~~~~~~~~^^^^^^^^^^^^^^^^^^^^^^^^^^^^^^^^^^^^^^^^
  File "C:\Users\Lily Jayne Baxendale\anaconda3\Lib\site-packages\jinja2\environment.py", line 1016, in get_template
    return self._load_template(name, globals)
           ~~~~~~~~~~~~~~~~~~~^^^^^^^^^^^^^^^
  File "C:\Users\Lily Jayne Baxendale\anaconda3\Lib\site-packages\jinja2\environment.py", line 975, in _load_template
    template = self.loader.load(self, name, self.make_globals(globals))
  File "C:\Users\Lily Jayne Baxendale\anaconda3\Lib\site-packages\jinja2\loaders.py", line 126, in load
    source, filename, uptodate = self.get_source(environment, name)
                                 ~~~~~~~~~~~~~~~^^^^^^^^^^^^^^^^^^^
  File "C:\Users\Lily Jayne Baxendale\anaconda3\Lib\site-packages\flask\templating.py", line 65, in get_source
    return self._get_source_fast(environment, template)
           ~~~~~~~~~~~~~~~~~~~~~^^^^^^^^^^^^^^^^^^^^^^^
  File "C:\Users\Lily Jayne Baxendale\anaconda3\Lib\site-packages\flask\templating.py", line 99, in _get_source_fast
    raise TemplateNotFound(template)
jinja2.exceptions.TemplateNotFound: 404.html
2025-12-04 12:27:50,228 [INFO] 127.0.0.1 - - [04/Dec/2025 12:27:50] "[35m[1mGET /favicon.ico HTTP/1.1[0m" 500 -
2025-12-04 12:27:51,560 [WARNING] 404 Not Found: /favicon.ico
2025-12-04 12:27:51,563 [ERROR] Exception on /favicon.ico [GET]
Traceback (most recent call last):
  File "C:\Users\Lily Jayne Baxendale\anaconda3\Lib\site-packages\flask\app.py", line 917, in full_dispatch_request
    rv = self.dispatch_request()
  File "C:\Users\Lily Jayne Baxendale\anaconda3\Lib\site-packages\flask\app.py", line 891, in dispatch_request
    self.raise_routing_exception(req)
    ~~~~~~~~~~~~~~~~~~~~~~~~~~~~^^^^^
  File "C:\Users\Lily Jayne Baxendale\anaconda3\Lib\site-packages\flask\app.py", line 500, in raise_routing_exception
    raise request.routing_exception  # type: ignore[misc]
    ^^^^^^^^^^^^^^^^^^^^^^^^^^^^^^^
  File "C:\Users\Lily Jayne Baxendale\anaconda3\Lib\site-packages\flask\ctx.py", line 362, in match_request
    result = self.url_adapter.match(return_rule=True)  # type: ignore
  File "C:\Users\Lily Jayne Baxendale\anaconda3\Lib\site-packages\werkzeug\routing\map.py", line 629, in match
    raise NotFound() from None
werkzeug.exceptions.NotFound: 404 Not Found: The requested URL was not found on the server. If you entered the URL manually please check your spelling and try again.

During handling of the above exception, another exception occurred:

Traceback (most recent call last):
  File "C:\Users\Lily Jayne Baxendale\anaconda3\Lib\site-packages\flask\app.py", line 1511, in wsgi_app
    response = self.full_dispatch_request()
  File "C:\Users\Lily Jayne Baxendale\anaconda3\Lib\site-packages\flask\app.py", line 919, in full_dispatch_request
    rv = self.handle_user_exception(e)
  File "C:\Users\Lily Jayne Baxendale\anaconda3\Lib\site-packages\flask\app.py", line 802, in handle_user_exception
    return self.handle_http_exception(e)
           ~~~~~~~~~~~~~~~~~~~~~~~~~~^^^
  File "C:\Users\Lily Jayne Baxendale\anaconda3\Lib\site-packages\flask\app.py", line 777, in handle_http_exception
    return self.ensure_sync(handler)(e)  # type: ignore[no-any-return]
           ~~~~~~~~~~~~~~~~~~~~~~~~~^^^
  File "C:\Users\Lily Jayne Baxendale\AppData\Local\Temp\ipykernel_32252\2561818670.py", line 313, in not_found
    return render_template("404.html"), 404
           ~~~~~~~~~~~~~~~^^^^^^^^^^^^
  File "C:\Users\Lily Jayne Baxendale\anaconda3\Lib\site-packages\flask\templating.py", line 149, in render_template
    template = app.jinja_env.get_or_select_template(template_name_or_list)
  File "C:\Users\Lily Jayne Baxendale\anaconda3\Lib\site-packages\jinja2\environment.py", line 1087, in get_or_select_template
    return self.get_template(template_name_or_list, parent, globals)
           ~~~~~~~~~~~~~~~~~^^^^^^^^^^^^^^^^^^^^^^^^^^^^^^^^^^^^^^^^
  File "C:\Users\Lily Jayne Baxendale\anaconda3\Lib\site-packages\jinja2\environment.py", line 1016, in get_template
    return self._load_template(name, globals)
           ~~~~~~~~~~~~~~~~~~~^^^^^^^^^^^^^^^
  File "C:\Users\Lily Jayne Baxendale\anaconda3\Lib\site-packages\jinja2\environment.py", line 975, in _load_template
    template = self.loader.load(self, name, self.make_globals(globals))
  File "C:\Users\Lily Jayne Baxendale\anaconda3\Lib\site-packages\jinja2\loaders.py", line 126, in load
    source, filename, uptodate = self.get_source(environment, name)
                                 ~~~~~~~~~~~~~~~^^^^^^^^^^^^^^^^^^^
  File "C:\Users\Lily Jayne Baxendale\anaconda3\Lib\site-packages\flask\templating.py", line 65, in get_source
    return self._get_source_fast(environment, template)
           ~~~~~~~~~~~~~~~~~~~~~^^^^^^^^^^^^^^^^^^^^^^^
  File "C:\Users\Lily Jayne Baxendale\anaconda3\Lib\site-packages\flask\templating.py", line 99, in _get_source_fast
    raise TemplateNotFound(template)
jinja2.exceptions.TemplateNotFound: 404.html
2025-12-04 12:27:51,567 [INFO] 127.0.0.1 - - [04/Dec/2025 12:27:51] "[35m[1mGET /favicon.ico HTTP/1.1[0m" 500 -
2025-12-04 12:27:52,195 [INFO] 127.0.0.1 - - [04/Dec/2025 12:27:52] "GET /login HTTP/1.1" 200 -
2025-12-04 12:27:52,224 [INFO] 127.0.0.1 - - [04/Dec/2025 12:27:52] "GET /static/css/login.css HTTP/1.1" 200 -
2025-12-04 12:27:52,236 [WARNING] 404 Not Found: /favicon.ico
2025-12-04 12:27:52,240 [ERROR] Exception on /favicon.ico [GET]
Traceback (most recent call last):
  File "C:\Users\Lily Jayne Baxendale\anaconda3\Lib\site-packages\flask\app.py", line 917, in full_dispatch_request
    rv = self.dispatch_request()
  File "C:\Users\Lily Jayne Baxendale\anaconda3\Lib\site-packages\flask\app.py", line 891, in dispatch_request
    self.raise_routing_exception(req)
    ~~~~~~~~~~~~~~~~~~~~~~~~~~~~^^^^^
  File "C:\Users\Lily Jayne Baxendale\anaconda3\Lib\site-packages\flask\app.py", line 500, in raise_routing_exception
    raise request.routing_exception  # type: ignore[misc]
    ^^^^^^^^^^^^^^^^^^^^^^^^^^^^^^^
  File "C:\Users\Lily Jayne Baxendale\anaconda3\Lib\site-packages\flask\ctx.py", line 362, in match_request
    result = self.url_adapter.match(return_rule=True)  # type: ignore
  File "C:\Users\Lily Jayne Baxendale\anaconda3\Lib\site-packages\werkzeug\routing\map.py", line 629, in match
    raise NotFound() from None
werkzeug.exceptions.NotFound: 404 Not Found: The requested URL was not found on the server. If you entered the URL manually please check your spelling and try again.

During handling of the above exception, another exception occurred:

Traceback (most recent call last):
  File "C:\Users\Lily Jayne Baxendale\anaconda3\Lib\site-packages\flask\app.py", line 1511, in wsgi_app
    response = self.full_dispatch_request()
  File "C:\Users\Lily Jayne Baxendale\anaconda3\Lib\site-packages\flask\app.py", line 919, in full_dispatch_request
    rv = self.handle_user_exception(e)
  File "C:\Users\Lily Jayne Baxendale\anaconda3\Lib\site-packages\flask\app.py", line 802, in handle_user_exception
    return self.handle_http_exception(e)
           ~~~~~~~~~~~~~~~~~~~~~~~~~~^^^
  File "C:\Users\Lily Jayne Baxendale\anaconda3\Lib\site-packages\flask\app.py", line 777, in handle_http_exception
    return self.ensure_sync(handler)(e)  # type: ignore[no-any-return]
           ~~~~~~~~~~~~~~~~~~~~~~~~~^^^
  File "C:\Users\Lily Jayne Baxendale\AppData\Local\Temp\ipykernel_32252\2561818670.py", line 313, in not_found
    return render_template("404.html"), 404
           ~~~~~~~~~~~~~~~^^^^^^^^^^^^
  File "C:\Users\Lily Jayne Baxendale\anaconda3\Lib\site-packages\flask\templating.py", line 149, in render_template
    template = app.jinja_env.get_or_select_template(template_name_or_list)
  File "C:\Users\Lily Jayne Baxendale\anaconda3\Lib\site-packages\jinja2\environment.py", line 1087, in get_or_select_template
    return self.get_template(template_name_or_list, parent, globals)
           ~~~~~~~~~~~~~~~~~^^^^^^^^^^^^^^^^^^^^^^^^^^^^^^^^^^^^^^^^
  File "C:\Users\Lily Jayne Baxendale\anaconda3\Lib\site-packages\jinja2\environment.py", line 1016, in get_template
    return self._load_template(name, globals)
           ~~~~~~~~~~~~~~~~~~~^^^^^^^^^^^^^^^
  File "C:\Users\Lily Jayne Baxendale\anaconda3\Lib\site-packages\jinja2\environment.py", line 975, in _load_template
    template = self.loader.load(self, name, self.make_globals(globals))
  File "C:\Users\Lily Jayne Baxendale\anaconda3\Lib\site-packages\jinja2\loaders.py", line 126, in load
    source, filename, uptodate = self.get_source(environment, name)
                                 ~~~~~~~~~~~~~~~^^^^^^^^^^^^^^^^^^^
  File "C:\Users\Lily Jayne Baxendale\anaconda3\Lib\site-packages\flask\templating.py", line 65, in get_source
    return self._get_source_fast(environment, template)
           ~~~~~~~~~~~~~~~~~~~~~^^^^^^^^^^^^^^^^^^^^^^^
  File "C:\Users\Lily Jayne Baxendale\anaconda3\Lib\site-packages\flask\templating.py", line 99, in _get_source_fast
    raise TemplateNotFound(template)
jinja2.exceptions.TemplateNotFound: 404.html
2025-12-04 12:27:52,246 [INFO] 127.0.0.1 - - [04/Dec/2025 12:27:52] "[35m[1mGET /favicon.ico HTTP/1.1[0m" 500 -
2025-12-04 12:27:53,399 [WARNING] 404 Not Found: /favicon.ico
2025-12-04 12:27:53,404 [ERROR] Exception on /favicon.ico [GET]
Traceback (most recent call last):
  File "C:\Users\Lily Jayne Baxendale\anaconda3\Lib\site-packages\flask\app.py", line 917, in full_dispatch_request
    rv = self.dispatch_request()
  File "C:\Users\Lily Jayne Baxendale\anaconda3\Lib\site-packages\flask\app.py", line 891, in dispatch_request
    self.raise_routing_exception(req)
    ~~~~~~~~~~~~~~~~~~~~~~~~~~~~^^^^^
  File "C:\Users\Lily Jayne Baxendale\anaconda3\Lib\site-packages\flask\app.py", line 500, in raise_routing_exception
    raise request.routing_exception  # type: ignore[misc]
    ^^^^^^^^^^^^^^^^^^^^^^^^^^^^^^^
  File "C:\Users\Lily Jayne Baxendale\anaconda3\Lib\site-packages\flask\ctx.py", line 362, in match_request
    result = self.url_adapter.match(return_rule=True)  # type: ignore
  File "C:\Users\Lily Jayne Baxendale\anaconda3\Lib\site-packages\werkzeug\routing\map.py", line 629, in match
    raise NotFound() from None
werkzeug.exceptions.NotFound: 404 Not Found: The requested URL was not found on the server. If you entered the URL manually please check your spelling and try again.

During handling of the above exception, another exception occurred:

Traceback (most recent call last):
  File "C:\Users\Lily Jayne Baxendale\anaconda3\Lib\site-packages\flask\app.py", line 1511, in wsgi_app
    response = self.full_dispatch_request()
  File "C:\Users\Lily Jayne Baxendale\anaconda3\Lib\site-packages\flask\app.py", line 919, in full_dispatch_request
    rv = self.handle_user_exception(e)
  File "C:\Users\Lily Jayne Baxendale\anaconda3\Lib\site-packages\flask\app.py", line 802, in handle_user_exception
    return self.handle_http_exception(e)
           ~~~~~~~~~~~~~~~~~~~~~~~~~~^^^
  File "C:\Users\Lily Jayne Baxendale\anaconda3\Lib\site-packages\flask\app.py", line 777, in handle_http_exception
    return self.ensure_sync(handler)(e)  # type: ignore[no-any-return]
           ~~~~~~~~~~~~~~~~~~~~~~~~~^^^
  File "C:\Users\Lily Jayne Baxendale\AppData\Local\Temp\ipykernel_32252\2561818670.py", line 313, in not_found
    return render_template("404.html"), 404
           ~~~~~~~~~~~~~~~^^^^^^^^^^^^
  File "C:\Users\Lily Jayne Baxendale\anaconda3\Lib\site-packages\flask\templating.py", line 149, in render_template
    template = app.jinja_env.get_or_select_template(template_name_or_list)
  File "C:\Users\Lily Jayne Baxendale\anaconda3\Lib\site-packages\jinja2\environment.py", line 1087, in get_or_select_template
    return self.get_template(template_name_or_list, parent, globals)
           ~~~~~~~~~~~~~~~~~^^^^^^^^^^^^^^^^^^^^^^^^^^^^^^^^^^^^^^^^
  File "C:\Users\Lily Jayne Baxendale\anaconda3\Lib\site-packages\jinja2\environment.py", line 1016, in get_template
    return self._load_template(name, globals)
           ~~~~~~~~~~~~~~~~~~~^^^^^^^^^^^^^^^
  File "C:\Users\Lily Jayne Baxendale\anaconda3\Lib\site-packages\jinja2\environment.py", line 975, in _load_template
    template = self.loader.load(self, name, self.make_globals(globals))
  File "C:\Users\Lily Jayne Baxendale\anaconda3\Lib\site-packages\jinja2\loaders.py", line 126, in load
    source, filename, uptodate = self.get_source(environment, name)
                                 ~~~~~~~~~~~~~~~^^^^^^^^^^^^^^^^^^^
  File "C:\Users\Lily Jayne Baxendale\anaconda3\Lib\site-packages\flask\templating.py", line 65, in get_source
    return self._get_source_fast(environment, template)
           ~~~~~~~~~~~~~~~~~~~~~^^^^^^^^^^^^^^^^^^^^^^^
  File "C:\Users\Lily Jayne Baxendale\anaconda3\Lib\site-packages\flask\templating.py", line 99, in _get_source_fast
    raise TemplateNotFound(template)
jinja2.exceptions.TemplateNotFound: 404.html
2025-12-04 12:27:53,408 [INFO] 127.0.0.1 - - [04/Dec/2025 12:27:53] "[35m[1mGET /favicon.ico HTTP/1.1[0m" 500 -
2025-12-04 12:27:54,192 [INFO] 127.0.0.1 - - [04/Dec/2025 12:27:54] "GET /register HTTP/1.1" 200 -
2025-12-04 12:27:54,220 [INFO] 127.0.0.1 - - [04/Dec/2025 12:27:54] "GET /static/css/registerform.css HTTP/1.1" 200 -
2025-12-04 12:27:54,231 [WARNING] 404 Not Found: /favicon.ico
2025-12-04 12:27:54,234 [ERROR] Exception on /favicon.ico [GET]
Traceback (most recent call last):
  File "C:\Users\Lily Jayne Baxendale\anaconda3\Lib\site-packages\flask\app.py", line 917, in full_dispatch_request
    rv = self.dispatch_request()
  File "C:\Users\Lily Jayne Baxendale\anaconda3\Lib\site-packages\flask\app.py", line 891, in dispatch_request
    self.raise_routing_exception(req)
    ~~~~~~~~~~~~~~~~~~~~~~~~~~~~^^^^^
  File "C:\Users\Lily Jayne Baxendale\anaconda3\Lib\site-packages\flask\app.py", line 500, in raise_routing_exception
    raise request.routing_exception  # type: ignore[misc]
    ^^^^^^^^^^^^^^^^^^^^^^^^^^^^^^^
  File "C:\Users\Lily Jayne Baxendale\anaconda3\Lib\site-packages\flask\ctx.py", line 362, in match_request
    result = self.url_adapter.match(return_rule=True)  # type: ignore
  File "C:\Users\Lily Jayne Baxendale\anaconda3\Lib\site-packages\werkzeug\routing\map.py", line 629, in match
    raise NotFound() from None
werkzeug.exceptions.NotFound: 404 Not Found: The requested URL was not found on the server. If you entered the URL manually please check your spelling and try again.

During handling of the above exception, another exception occurred:

Traceback (most recent call last):
  File "C:\Users\Lily Jayne Baxendale\anaconda3\Lib\site-packages\flask\app.py", line 1511, in wsgi_app
    response = self.full_dispatch_request()
  File "C:\Users\Lily Jayne Baxendale\anaconda3\Lib\site-packages\flask\app.py", line 919, in full_dispatch_request
    rv = self.handle_user_exception(e)
  File "C:\Users\Lily Jayne Baxendale\anaconda3\Lib\site-packages\flask\app.py", line 802, in handle_user_exception
    return self.handle_http_exception(e)
           ~~~~~~~~~~~~~~~~~~~~~~~~~~^^^
  File "C:\Users\Lily Jayne Baxendale\anaconda3\Lib\site-packages\flask\app.py", line 777, in handle_http_exception
    return self.ensure_sync(handler)(e)  # type: ignore[no-any-return]
           ~~~~~~~~~~~~~~~~~~~~~~~~~^^^
  File "C:\Users\Lily Jayne Baxendale\AppData\Local\Temp\ipykernel_32252\2561818670.py", line 313, in not_found
    return render_template("404.html"), 404
           ~~~~~~~~~~~~~~~^^^^^^^^^^^^
  File "C:\Users\Lily Jayne Baxendale\anaconda3\Lib\site-packages\flask\templating.py", line 149, in render_template
    template = app.jinja_env.get_or_select_template(template_name_or_list)
  File "C:\Users\Lily Jayne Baxendale\anaconda3\Lib\site-packages\jinja2\environment.py", line 1087, in get_or_select_template
    return self.get_template(template_name_or_list, parent, globals)
           ~~~~~~~~~~~~~~~~~^^^^^^^^^^^^^^^^^^^^^^^^^^^^^^^^^^^^^^^^
  File "C:\Users\Lily Jayne Baxendale\anaconda3\Lib\site-packages\jinja2\environment.py", line 1016, in get_template
    return self._load_template(name, globals)
           ~~~~~~~~~~~~~~~~~~~^^^^^^^^^^^^^^^
  File "C:\Users\Lily Jayne Baxendale\anaconda3\Lib\site-packages\jinja2\environment.py", line 975, in _load_template
    template = self.loader.load(self, name, self.make_globals(globals))
  File "C:\Users\Lily Jayne Baxendale\anaconda3\Lib\site-packages\jinja2\loaders.py", line 126, in load
    source, filename, uptodate = self.get_source(environment, name)
                                 ~~~~~~~~~~~~~~~^^^^^^^^^^^^^^^^^^^
  File "C:\Users\Lily Jayne Baxendale\anaconda3\Lib\site-packages\flask\templating.py", line 65, in get_source
    return self._get_source_fast(environment, template)
           ~~~~~~~~~~~~~~~~~~~~~^^^^^^^^^^^^^^^^^^^^^^^
  File "C:\Users\Lily Jayne Baxendale\anaconda3\Lib\site-packages\flask\templating.py", line 99, in _get_source_fast
    raise TemplateNotFound(template)
jinja2.exceptions.TemplateNotFound: 404.html
2025-12-04 12:27:54,238 [INFO] 127.0.0.1 - - [04/Dec/2025 12:27:54] "[35m[1mGET /favicon.ico HTTP/1.1[0m" 500 -
2025-12-04 12:27:55,768 [WARNING] 404 Not Found: /favicon.ico
2025-12-04 12:27:55,772 [ERROR] Exception on /favicon.ico [GET]
Traceback (most recent call last):
  File "C:\Users\Lily Jayne Baxendale\anaconda3\Lib\site-packages\flask\app.py", line 917, in full_dispatch_request
    rv = self.dispatch_request()
  File "C:\Users\Lily Jayne Baxendale\anaconda3\Lib\site-packages\flask\app.py", line 891, in dispatch_request
    self.raise_routing_exception(req)
    ~~~~~~~~~~~~~~~~~~~~~~~~~~~~^^^^^
  File "C:\Users\Lily Jayne Baxendale\anaconda3\Lib\site-packages\flask\app.py", line 500, in raise_routing_exception
    raise request.routing_exception  # type: ignore[misc]
    ^^^^^^^^^^^^^^^^^^^^^^^^^^^^^^^
  File "C:\Users\Lily Jayne Baxendale\anaconda3\Lib\site-packages\flask\ctx.py", line 362, in match_request
    result = self.url_adapter.match(return_rule=True)  # type: ignore
  File "C:\Users\Lily Jayne Baxendale\anaconda3\Lib\site-packages\werkzeug\routing\map.py", line 629, in match
    raise NotFound() from None
werkzeug.exceptions.NotFound: 404 Not Found: The requested URL was not found on the server. If you entered the URL manually please check your spelling and try again.

During handling of the above exception, another exception occurred:

Traceback (most recent call last):
  File "C:\Users\Lily Jayne Baxendale\anaconda3\Lib\site-packages\flask\app.py", line 1511, in wsgi_app
    response = self.full_dispatch_request()
  File "C:\Users\Lily Jayne Baxendale\anaconda3\Lib\site-packages\flask\app.py", line 919, in full_dispatch_request
    rv = self.handle_user_exception(e)
  File "C:\Users\Lily Jayne Baxendale\anaconda3\Lib\site-packages\flask\app.py", line 802, in handle_user_exception
    return self.handle_http_exception(e)
           ~~~~~~~~~~~~~~~~~~~~~~~~~~^^^
  File "C:\Users\Lily Jayne Baxendale\anaconda3\Lib\site-packages\flask\app.py", line 777, in handle_http_exception
    return self.ensure_sync(handler)(e)  # type: ignore[no-any-return]
           ~~~~~~~~~~~~~~~~~~~~~~~~~^^^
  File "C:\Users\Lily Jayne Baxendale\AppData\Local\Temp\ipykernel_32252\2561818670.py", line 313, in not_found
    return render_template("404.html"), 404
           ~~~~~~~~~~~~~~~^^^^^^^^^^^^
  File "C:\Users\Lily Jayne Baxendale\anaconda3\Lib\site-packages\flask\templating.py", line 149, in render_template
    template = app.jinja_env.get_or_select_template(template_name_or_list)
  File "C:\Users\Lily Jayne Baxendale\anaconda3\Lib\site-packages\jinja2\environment.py", line 1087, in get_or_select_template
    return self.get_template(template_name_or_list, parent, globals)
           ~~~~~~~~~~~~~~~~~^^^^^^^^^^^^^^^^^^^^^^^^^^^^^^^^^^^^^^^^
  File "C:\Users\Lily Jayne Baxendale\anaconda3\Lib\site-packages\jinja2\environment.py", line 1016, in get_template
    return self._load_template(name, globals)
           ~~~~~~~~~~~~~~~~~~~^^^^^^^^^^^^^^^
  File "C:\Users\Lily Jayne Baxendale\anaconda3\Lib\site-packages\jinja2\environment.py", line 975, in _load_template
    template = self.loader.load(self, name, self.make_globals(globals))
  File "C:\Users\Lily Jayne Baxendale\anaconda3\Lib\site-packages\jinja2\loaders.py", line 126, in load
    source, filename, uptodate = self.get_source(environment, name)
                                 ~~~~~~~~~~~~~~~^^^^^^^^^^^^^^^^^^^
  File "C:\Users\Lily Jayne Baxendale\anaconda3\Lib\site-packages\flask\templating.py", line 65, in get_source
    return self._get_source_fast(environment, template)
           ~~~~~~~~~~~~~~~~~~~~~^^^^^^^^^^^^^^^^^^^^^^^
  File "C:\Users\Lily Jayne Baxendale\anaconda3\Lib\site-packages\flask\templating.py", line 99, in _get_source_fast
    raise TemplateNotFound(template)
jinja2.exceptions.TemplateNotFound: 404.html
2025-12-04 12:27:55,778 [INFO] 127.0.0.1 - - [04/Dec/2025 12:27:55] "[35m[1mGET /favicon.ico HTTP/1.1[0m" 500 -
2025-12-04 12:27:56,709 [INFO] 127.0.0.1 - - [04/Dec/2025 12:27:56] "GET /login HTTP/1.1" 200 -
2025-12-04 12:27:56,737 [INFO] 127.0.0.1 - - [04/Dec/2025 12:27:56] "[36mGET /static/css/login.css HTTP/1.1[0m" 304 -
2025-12-04 12:27:56,748 [WARNING] 404 Not Found: /favicon.ico
2025-12-04 12:27:56,751 [ERROR] Exception on /favicon.ico [GET]
Traceback (most recent call last):
  File "C:\Users\Lily Jayne Baxendale\anaconda3\Lib\site-packages\flask\app.py", line 917, in full_dispatch_request
    rv = self.dispatch_request()
  File "C:\Users\Lily Jayne Baxendale\anaconda3\Lib\site-packages\flask\app.py", line 891, in dispatch_request
    self.raise_routing_exception(req)
    ~~~~~~~~~~~~~~~~~~~~~~~~~~~~^^^^^
  File "C:\Users\Lily Jayne Baxendale\anaconda3\Lib\site-packages\flask\app.py", line 500, in raise_routing_exception
    raise request.routing_exception  # type: ignore[misc]
    ^^^^^^^^^^^^^^^^^^^^^^^^^^^^^^^
  File "C:\Users\Lily Jayne Baxendale\anaconda3\Lib\site-packages\flask\ctx.py", line 362, in match_request
    result = self.url_adapter.match(return_rule=True)  # type: ignore
  File "C:\Users\Lily Jayne Baxendale\anaconda3\Lib\site-packages\werkzeug\routing\map.py", line 629, in match
    raise NotFound() from None
werkzeug.exceptions.NotFound: 404 Not Found: The requested URL was not found on the server. If you entered the URL manually please check your spelling and try again.

During handling of the above exception, another exception occurred:

Traceback (most recent call last):
  File "C:\Users\Lily Jayne Baxendale\anaconda3\Lib\site-packages\flask\app.py", line 1511, in wsgi_app
    response = self.full_dispatch_request()
  File "C:\Users\Lily Jayne Baxendale\anaconda3\Lib\site-packages\flask\app.py", line 919, in full_dispatch_request
    rv = self.handle_user_exception(e)
  File "C:\Users\Lily Jayne Baxendale\anaconda3\Lib\site-packages\flask\app.py", line 802, in handle_user_exception
    return self.handle_http_exception(e)
           ~~~~~~~~~~~~~~~~~~~~~~~~~~^^^
  File "C:\Users\Lily Jayne Baxendale\anaconda3\Lib\site-packages\flask\app.py", line 777, in handle_http_exception
    return self.ensure_sync(handler)(e)  # type: ignore[no-any-return]
           ~~~~~~~~~~~~~~~~~~~~~~~~~^^^
  File "C:\Users\Lily Jayne Baxendale\AppData\Local\Temp\ipykernel_32252\2561818670.py", line 313, in not_found
    return render_template("404.html"), 404
           ~~~~~~~~~~~~~~~^^^^^^^^^^^^
  File "C:\Users\Lily Jayne Baxendale\anaconda3\Lib\site-packages\flask\templating.py", line 149, in render_template
    template = app.jinja_env.get_or_select_template(template_name_or_list)
  File "C:\Users\Lily Jayne Baxendale\anaconda3\Lib\site-packages\jinja2\environment.py", line 1087, in get_or_select_template
    return self.get_template(template_name_or_list, parent, globals)
           ~~~~~~~~~~~~~~~~~^^^^^^^^^^^^^^^^^^^^^^^^^^^^^^^^^^^^^^^^
  File "C:\Users\Lily Jayne Baxendale\anaconda3\Lib\site-packages\jinja2\environment.py", line 1016, in get_template
    return self._load_template(name, globals)
           ~~~~~~~~~~~~~~~~~~~^^^^^^^^^^^^^^^
  File "C:\Users\Lily Jayne Baxendale\anaconda3\Lib\site-packages\jinja2\environment.py", line 975, in _load_template
    template = self.loader.load(self, name, self.make_globals(globals))
  File "C:\Users\Lily Jayne Baxendale\anaconda3\Lib\site-packages\jinja2\loaders.py", line 126, in load
    source, filename, uptodate = self.get_source(environment, name)
                                 ~~~~~~~~~~~~~~~^^^^^^^^^^^^^^^^^^^
  File "C:\Users\Lily Jayne Baxendale\anaconda3\Lib\site-packages\flask\templating.py", line 65, in get_source
    return self._get_source_fast(environment, template)
           ~~~~~~~~~~~~~~~~~~~~~^^^^^^^^^^^^^^^^^^^^^^^
  File "C:\Users\Lily Jayne Baxendale\anaconda3\Lib\site-packages\flask\templating.py", line 99, in _get_source_fast
    raise TemplateNotFound(template)
jinja2.exceptions.TemplateNotFound: 404.html
2025-12-04 12:27:56,757 [INFO] 127.0.0.1 - - [04/Dec/2025 12:27:56] "[35m[1mGET /favicon.ico HTTP/1.1[0m" 500 -
2025-12-04 12:28:06,935 [WARNING] 404 Not Found: /success.html
2025-12-04 12:28:06,941 [ERROR] Exception on /success.html [POST]
Traceback (most recent call last):
  File "C:\Users\Lily Jayne Baxendale\anaconda3\Lib\site-packages\flask\app.py", line 917, in full_dispatch_request
    rv = self.dispatch_request()
  File "C:\Users\Lily Jayne Baxendale\anaconda3\Lib\site-packages\flask\app.py", line 891, in dispatch_request
    self.raise_routing_exception(req)
    ~~~~~~~~~~~~~~~~~~~~~~~~~~~~^^^^^
  File "C:\Users\Lily Jayne Baxendale\anaconda3\Lib\site-packages\flask\app.py", line 500, in raise_routing_exception
    raise request.routing_exception  # type: ignore[misc]
    ^^^^^^^^^^^^^^^^^^^^^^^^^^^^^^^
  File "C:\Users\Lily Jayne Baxendale\anaconda3\Lib\site-packages\flask\ctx.py", line 362, in match_request
    result = self.url_adapter.match(return_rule=True)  # type: ignore
  File "C:\Users\Lily Jayne Baxendale\anaconda3\Lib\site-packages\werkzeug\routing\map.py", line 629, in match
    raise NotFound() from None
werkzeug.exceptions.NotFound: 404 Not Found: The requested URL was not found on the server. If you entered the URL manually please check your spelling and try again.

During handling of the above exception, another exception occurred:

Traceback (most recent call last):
  File "C:\Users\Lily Jayne Baxendale\anaconda3\Lib\site-packages\flask\app.py", line 1511, in wsgi_app
    response = self.full_dispatch_request()
  File "C:\Users\Lily Jayne Baxendale\anaconda3\Lib\site-packages\flask\app.py", line 919, in full_dispatch_request
    rv = self.handle_user_exception(e)
  File "C:\Users\Lily Jayne Baxendale\anaconda3\Lib\site-packages\flask\app.py", line 802, in handle_user_exception
    return self.handle_http_exception(e)
           ~~~~~~~~~~~~~~~~~~~~~~~~~~^^^
  File "C:\Users\Lily Jayne Baxendale\anaconda3\Lib\site-packages\flask\app.py", line 777, in handle_http_exception
    return self.ensure_sync(handler)(e)  # type: ignore[no-any-return]
           ~~~~~~~~~~~~~~~~~~~~~~~~~^^^
  File "C:\Users\Lily Jayne Baxendale\AppData\Local\Temp\ipykernel_32252\2561818670.py", line 313, in not_found
    return render_template("404.html"), 404
           ~~~~~~~~~~~~~~~^^^^^^^^^^^^
  File "C:\Users\Lily Jayne Baxendale\anaconda3\Lib\site-packages\flask\templating.py", line 149, in render_template
    template = app.jinja_env.get_or_select_template(template_name_or_list)
  File "C:\Users\Lily Jayne Baxendale\anaconda3\Lib\site-packages\jinja2\environment.py", line 1087, in get_or_select_template
    return self.get_template(template_name_or_list, parent, globals)
           ~~~~~~~~~~~~~~~~~^^^^^^^^^^^^^^^^^^^^^^^^^^^^^^^^^^^^^^^^
  File "C:\Users\Lily Jayne Baxendale\anaconda3\Lib\site-packages\jinja2\environment.py", line 1016, in get_template
    return self._load_template(name, globals)
           ~~~~~~~~~~~~~~~~~~~^^^^^^^^^^^^^^^
  File "C:\Users\Lily Jayne Baxendale\anaconda3\Lib\site-packages\jinja2\environment.py", line 975, in _load_template
    template = self.loader.load(self, name, self.make_globals(globals))
  File "C:\Users\Lily Jayne Baxendale\anaconda3\Lib\site-packages\jinja2\loaders.py", line 126, in load
    source, filename, uptodate = self.get_source(environment, name)
                                 ~~~~~~~~~~~~~~~^^^^^^^^^^^^^^^^^^^
  File "C:\Users\Lily Jayne Baxendale\anaconda3\Lib\site-packages\flask\templating.py", line 65, in get_source
    return self._get_source_fast(environment, template)
           ~~~~~~~~~~~~~~~~~~~~~^^^^^^^^^^^^^^^^^^^^^^^
  File "C:\Users\Lily Jayne Baxendale\anaconda3\Lib\site-packages\flask\templating.py", line 99, in _get_source_fast
    raise TemplateNotFound(template)
jinja2.exceptions.TemplateNotFound: 404.html
2025-12-04 12:28:06,948 [INFO] 127.0.0.1 - - [04/Dec/2025 12:28:06] "[35m[1mPOST /success.html HTTP/1.1[0m" 500 -
2025-12-04 12:28:06,978 [WARNING] 404 Not Found: /favicon.ico
2025-12-04 12:28:06,981 [ERROR] Exception on /favicon.ico [GET]
Traceback (most recent call last):
  File "C:\Users\Lily Jayne Baxendale\anaconda3\Lib\site-packages\flask\app.py", line 917, in full_dispatch_request
    rv = self.dispatch_request()
  File "C:\Users\Lily Jayne Baxendale\anaconda3\Lib\site-packages\flask\app.py", line 891, in dispatch_request
    self.raise_routing_exception(req)
    ~~~~~~~~~~~~~~~~~~~~~~~~~~~~^^^^^
  File "C:\Users\Lily Jayne Baxendale\anaconda3\Lib\site-packages\flask\app.py", line 500, in raise_routing_exception
    raise request.routing_exception  # type: ignore[misc]
    ^^^^^^^^^^^^^^^^^^^^^^^^^^^^^^^
  File "C:\Users\Lily Jayne Baxendale\anaconda3\Lib\site-packages\flask\ctx.py", line 362, in match_request
    result = self.url_adapter.match(return_rule=True)  # type: ignore
  File "C:\Users\Lily Jayne Baxendale\anaconda3\Lib\site-packages\werkzeug\routing\map.py", line 629, in match
    raise NotFound() from None
werkzeug.exceptions.NotFound: 404 Not Found: The requested URL was not found on the server. If you entered the URL manually please check your spelling and try again.

During handling of the above exception, another exception occurred:

Traceback (most recent call last):
  File "C:\Users\Lily Jayne Baxendale\anaconda3\Lib\site-packages\flask\app.py", line 1511, in wsgi_app
    response = self.full_dispatch_request()
  File "C:\Users\Lily Jayne Baxendale\anaconda3\Lib\site-packages\flask\app.py", line 919, in full_dispatch_request
    rv = self.handle_user_exception(e)
  File "C:\Users\Lily Jayne Baxendale\anaconda3\Lib\site-packages\flask\app.py", line 802, in handle_user_exception
    return self.handle_http_exception(e)
           ~~~~~~~~~~~~~~~~~~~~~~~~~~^^^
  File "C:\Users\Lily Jayne Baxendale\anaconda3\Lib\site-packages\flask\app.py", line 777, in handle_http_exception
    return self.ensure_sync(handler)(e)  # type: ignore[no-any-return]
           ~~~~~~~~~~~~~~~~~~~~~~~~~^^^
  File "C:\Users\Lily Jayne Baxendale\AppData\Local\Temp\ipykernel_32252\2561818670.py", line 313, in not_found
    return render_template("404.html"), 404
           ~~~~~~~~~~~~~~~^^^^^^^^^^^^
  File "C:\Users\Lily Jayne Baxendale\anaconda3\Lib\site-packages\flask\templating.py", line 149, in render_template
    template = app.jinja_env.get_or_select_template(template_name_or_list)
  File "C:\Users\Lily Jayne Baxendale\anaconda3\Lib\site-packages\jinja2\environment.py", line 1087, in get_or_select_template
    return self.get_template(template_name_or_list, parent, globals)
           ~~~~~~~~~~~~~~~~~^^^^^^^^^^^^^^^^^^^^^^^^^^^^^^^^^^^^^^^^
  File "C:\Users\Lily Jayne Baxendale\anaconda3\Lib\site-packages\jinja2\environment.py", line 1016, in get_template
    return self._load_template(name, globals)
           ~~~~~~~~~~~~~~~~~~~^^^^^^^^^^^^^^^
  File "C:\Users\Lily Jayne Baxendale\anaconda3\Lib\site-packages\jinja2\environment.py", line 975, in _load_template
    template = self.loader.load(self, name, self.make_globals(globals))
  File "C:\Users\Lily Jayne Baxendale\anaconda3\Lib\site-packages\jinja2\loaders.py", line 126, in load
    source, filename, uptodate = self.get_source(environment, name)
                                 ~~~~~~~~~~~~~~~^^^^^^^^^^^^^^^^^^^
  File "C:\Users\Lily Jayne Baxendale\anaconda3\Lib\site-packages\flask\templating.py", line 65, in get_source
    return self._get_source_fast(environment, template)
           ~~~~~~~~~~~~~~~~~~~~~^^^^^^^^^^^^^^^^^^^^^^^
  File "C:\Users\Lily Jayne Baxendale\anaconda3\Lib\site-packages\flask\templating.py", line 99, in _get_source_fast
    raise TemplateNotFound(template)
jinja2.exceptions.TemplateNotFound: 404.html
2025-12-04 12:28:06,987 [INFO] 127.0.0.1 - - [04/Dec/2025 12:28:06] "[35m[1mGET /favicon.ico HTTP/1.1[0m" 500 -
2025-12-04 12:30:53,757 [WARNING] 404 Not Found: /favicon.ico
2025-12-04 12:30:53,762 [ERROR] Exception on /favicon.ico [GET]
Traceback (most recent call last):
  File "C:\Users\Lily Jayne Baxendale\anaconda3\Lib\site-packages\flask\app.py", line 917, in full_dispatch_request
    rv = self.dispatch_request()
  File "C:\Users\Lily Jayne Baxendale\anaconda3\Lib\site-packages\flask\app.py", line 891, in dispatch_request
    self.raise_routing_exception(req)
    ~~~~~~~~~~~~~~~~~~~~~~~~~~~~^^^^^
  File "C:\Users\Lily Jayne Baxendale\anaconda3\Lib\site-packages\flask\app.py", line 500, in raise_routing_exception
    raise request.routing_exception  # type: ignore[misc]
    ^^^^^^^^^^^^^^^^^^^^^^^^^^^^^^^
  File "C:\Users\Lily Jayne Baxendale\anaconda3\Lib\site-packages\flask\ctx.py", line 362, in match_request
    result = self.url_adapter.match(return_rule=True)  # type: ignore
  File "C:\Users\Lily Jayne Baxendale\anaconda3\Lib\site-packages\werkzeug\routing\map.py", line 629, in match
    raise NotFound() from None
werkzeug.exceptions.NotFound: 404 Not Found: The requested URL was not found on the server. If you entered the URL manually please check your spelling and try again.

During handling of the above exception, another exception occurred:

Traceback (most recent call last):
  File "C:\Users\Lily Jayne Baxendale\anaconda3\Lib\site-packages\flask\app.py", line 1511, in wsgi_app
    response = self.full_dispatch_request()
  File "C:\Users\Lily Jayne Baxendale\anaconda3\Lib\site-packages\flask\app.py", line 919, in full_dispatch_request
    rv = self.handle_user_exception(e)
  File "C:\Users\Lily Jayne Baxendale\anaconda3\Lib\site-packages\flask\app.py", line 802, in handle_user_exception
    return self.handle_http_exception(e)
           ~~~~~~~~~~~~~~~~~~~~~~~~~~^^^
  File "C:\Users\Lily Jayne Baxendale\anaconda3\Lib\site-packages\flask\app.py", line 777, in handle_http_exception
    return self.ensure_sync(handler)(e)  # type: ignore[no-any-return]
           ~~~~~~~~~~~~~~~~~~~~~~~~~^^^
  File "C:\Users\Lily Jayne Baxendale\AppData\Local\Temp\ipykernel_32252\2561818670.py", line 313, in not_found
    return render_template("404.html"), 404
           ~~~~~~~~~~~~~~~^^^^^^^^^^^^
  File "C:\Users\Lily Jayne Baxendale\anaconda3\Lib\site-packages\flask\templating.py", line 149, in render_template
    template = app.jinja_env.get_or_select_template(template_name_or_list)
  File "C:\Users\Lily Jayne Baxendale\anaconda3\Lib\site-packages\jinja2\environment.py", line 1087, in get_or_select_template
    return self.get_template(template_name_or_list, parent, globals)
           ~~~~~~~~~~~~~~~~~^^^^^^^^^^^^^^^^^^^^^^^^^^^^^^^^^^^^^^^^
  File "C:\Users\Lily Jayne Baxendale\anaconda3\Lib\site-packages\jinja2\environment.py", line 1016, in get_template
    return self._load_template(name, globals)
           ~~~~~~~~~~~~~~~~~~~^^^^^^^^^^^^^^^
  File "C:\Users\Lily Jayne Baxendale\anaconda3\Lib\site-packages\jinja2\environment.py", line 975, in _load_template
    template = self.loader.load(self, name, self.make_globals(globals))
  File "C:\Users\Lily Jayne Baxendale\anaconda3\Lib\site-packages\jinja2\loaders.py", line 126, in load
    source, filename, uptodate = self.get_source(environment, name)
                                 ~~~~~~~~~~~~~~~^^^^^^^^^^^^^^^^^^^
  File "C:\Users\Lily Jayne Baxendale\anaconda3\Lib\site-packages\flask\templating.py", line 65, in get_source
    return self._get_source_fast(environment, template)
           ~~~~~~~~~~~~~~~~~~~~~^^^^^^^^^^^^^^^^^^^^^^^
  File "C:\Users\Lily Jayne Baxendale\anaconda3\Lib\site-packages\flask\templating.py", line 99, in _get_source_fast
    raise TemplateNotFound(template)
jinja2.exceptions.TemplateNotFound: 404.html
2025-12-04 12:30:53,766 [INFO] 127.0.0.1 - - [04/Dec/2025 12:30:53] "[35m[1mGET /favicon.ico HTTP/1.1[0m" 500 -
2025-12-04 12:31:06,912 [INFO] 127.0.0.1 - - [04/Dec/2025 12:31:06] "GET /register HTTP/1.1" 200 -
2025-12-04 12:31:06,943 [INFO] 127.0.0.1 - - [04/Dec/2025 12:31:06] "[36mGET /static/css/registerform.css HTTP/1.1[0m" 304 -
2025-12-04 12:31:06,960 [WARNING] 404 Not Found: /favicon.ico
2025-12-04 12:31:06,963 [ERROR] Exception on /favicon.ico [GET]
Traceback (most recent call last):
  File "C:\Users\Lily Jayne Baxendale\anaconda3\Lib\site-packages\flask\app.py", line 917, in full_dispatch_request
    rv = self.dispatch_request()
  File "C:\Users\Lily Jayne Baxendale\anaconda3\Lib\site-packages\flask\app.py", line 891, in dispatch_request
    self.raise_routing_exception(req)
    ~~~~~~~~~~~~~~~~~~~~~~~~~~~~^^^^^
  File "C:\Users\Lily Jayne Baxendale\anaconda3\Lib\site-packages\flask\app.py", line 500, in raise_routing_exception
    raise request.routing_exception  # type: ignore[misc]
    ^^^^^^^^^^^^^^^^^^^^^^^^^^^^^^^
  File "C:\Users\Lily Jayne Baxendale\anaconda3\Lib\site-packages\flask\ctx.py", line 362, in match_request
    result = self.url_adapter.match(return_rule=True)  # type: ignore
  File "C:\Users\Lily Jayne Baxendale\anaconda3\Lib\site-packages\werkzeug\routing\map.py", line 629, in match
    raise NotFound() from None
werkzeug.exceptions.NotFound: 404 Not Found: The requested URL was not found on the server. If you entered the URL manually please check your spelling and try again.

During handling of the above exception, another exception occurred:

Traceback (most recent call last):
  File "C:\Users\Lily Jayne Baxendale\anaconda3\Lib\site-packages\flask\app.py", line 1511, in wsgi_app
    response = self.full_dispatch_request()
  File "C:\Users\Lily Jayne Baxendale\anaconda3\Lib\site-packages\flask\app.py", line 919, in full_dispatch_request
    rv = self.handle_user_exception(e)
  File "C:\Users\Lily Jayne Baxendale\anaconda3\Lib\site-packages\flask\app.py", line 802, in handle_user_exception
    return self.handle_http_exception(e)
           ~~~~~~~~~~~~~~~~~~~~~~~~~~^^^
  File "C:\Users\Lily Jayne Baxendale\anaconda3\Lib\site-packages\flask\app.py", line 777, in handle_http_exception
    return self.ensure_sync(handler)(e)  # type: ignore[no-any-return]
           ~~~~~~~~~~~~~~~~~~~~~~~~~^^^
  File "C:\Users\Lily Jayne Baxendale\AppData\Local\Temp\ipykernel_32252\2561818670.py", line 313, in not_found
    return render_template("404.html"), 404
           ~~~~~~~~~~~~~~~^^^^^^^^^^^^
  File "C:\Users\Lily Jayne Baxendale\anaconda3\Lib\site-packages\flask\templating.py", line 149, in render_template
    template = app.jinja_env.get_or_select_template(template_name_or_list)
  File "C:\Users\Lily Jayne Baxendale\anaconda3\Lib\site-packages\jinja2\environment.py", line 1087, in get_or_select_template
    return self.get_template(template_name_or_list, parent, globals)
           ~~~~~~~~~~~~~~~~~^^^^^^^^^^^^^^^^^^^^^^^^^^^^^^^^^^^^^^^^
  File "C:\Users\Lily Jayne Baxendale\anaconda3\Lib\site-packages\jinja2\environment.py", line 1016, in get_template
    return self._load_template(name, globals)
           ~~~~~~~~~~~~~~~~~~~^^^^^^^^^^^^^^^
  File "C:\Users\Lily Jayne Baxendale\anaconda3\Lib\site-packages\jinja2\environment.py", line 975, in _load_template
    template = self.loader.load(self, name, self.make_globals(globals))
  File "C:\Users\Lily Jayne Baxendale\anaconda3\Lib\site-packages\jinja2\loaders.py", line 126, in load
    source, filename, uptodate = self.get_source(environment, name)
                                 ~~~~~~~~~~~~~~~^^^^^^^^^^^^^^^^^^^
  File "C:\Users\Lily Jayne Baxendale\anaconda3\Lib\site-packages\flask\templating.py", line 65, in get_source
    return self._get_source_fast(environment, template)
           ~~~~~~~~~~~~~~~~~~~~~^^^^^^^^^^^^^^^^^^^^^^^
  File "C:\Users\Lily Jayne Baxendale\anaconda3\Lib\site-packages\flask\templating.py", line 99, in _get_source_fast
    raise TemplateNotFound(template)
jinja2.exceptions.TemplateNotFound: 404.html
2025-12-04 12:31:06,969 [INFO] 127.0.0.1 - - [04/Dec/2025 12:31:06] "[35m[1mGET /favicon.ico HTTP/1.1[0m" 500 -
2025-12-04 12:31:07,693 [WARNING] Validation failed: First name is required
2025-12-04 12:31:07,698 [INFO] 127.0.0.1 - - [04/Dec/2025 12:31:07] "[32mPOST /register HTTP/1.1[0m" 302 -
2025-12-04 12:31:07,704 [INFO] 127.0.0.1 - - [04/Dec/2025 12:31:07] "GET /register HTTP/1.1" 200 -
2025-12-04 12:31:07,734 [INFO] 127.0.0.1 - - [04/Dec/2025 12:31:07] "[36mGET /static/css/registerform.css HTTP/1.1[0m" 304 -
2025-12-04 12:31:07,749 [WARNING] 404 Not Found: /favicon.ico
2025-12-04 12:31:07,752 [ERROR] Exception on /favicon.ico [GET]
Traceback (most recent call last):
  File "C:\Users\Lily Jayne Baxendale\anaconda3\Lib\site-packages\flask\app.py", line 917, in full_dispatch_request
    rv = self.dispatch_request()
  File "C:\Users\Lily Jayne Baxendale\anaconda3\Lib\site-packages\flask\app.py", line 891, in dispatch_request
    self.raise_routing_exception(req)
    ~~~~~~~~~~~~~~~~~~~~~~~~~~~~^^^^^
  File "C:\Users\Lily Jayne Baxendale\anaconda3\Lib\site-packages\flask\app.py", line 500, in raise_routing_exception
    raise request.routing_exception  # type: ignore[misc]
    ^^^^^^^^^^^^^^^^^^^^^^^^^^^^^^^
  File "C:\Users\Lily Jayne Baxendale\anaconda3\Lib\site-packages\flask\ctx.py", line 362, in match_request
    result = self.url_adapter.match(return_rule=True)  # type: ignore
  File "C:\Users\Lily Jayne Baxendale\anaconda3\Lib\site-packages\werkzeug\routing\map.py", line 629, in match
    raise NotFound() from None
werkzeug.exceptions.NotFound: 404 Not Found: The requested URL was not found on the server. If you entered the URL manually please check your spelling and try again.

During handling of the above exception, another exception occurred:

Traceback (most recent call last):
  File "C:\Users\Lily Jayne Baxendale\anaconda3\Lib\site-packages\flask\app.py", line 1511, in wsgi_app
    response = self.full_dispatch_request()
  File "C:\Users\Lily Jayne Baxendale\anaconda3\Lib\site-packages\flask\app.py", line 919, in full_dispatch_request
    rv = self.handle_user_exception(e)
  File "C:\Users\Lily Jayne Baxendale\anaconda3\Lib\site-packages\flask\app.py", line 802, in handle_user_exception
    return self.handle_http_exception(e)
           ~~~~~~~~~~~~~~~~~~~~~~~~~~^^^
  File "C:\Users\Lily Jayne Baxendale\anaconda3\Lib\site-packages\flask\app.py", line 777, in handle_http_exception
    return self.ensure_sync(handler)(e)  # type: ignore[no-any-return]
           ~~~~~~~~~~~~~~~~~~~~~~~~~^^^
  File "C:\Users\Lily Jayne Baxendale\AppData\Local\Temp\ipykernel_32252\2561818670.py", line 313, in not_found
    return render_template("404.html"), 404
           ~~~~~~~~~~~~~~~^^^^^^^^^^^^
  File "C:\Users\Lily Jayne Baxendale\anaconda3\Lib\site-packages\flask\templating.py", line 149, in render_template
    template = app.jinja_env.get_or_select_template(template_name_or_list)
  File "C:\Users\Lily Jayne Baxendale\anaconda3\Lib\site-packages\jinja2\environment.py", line 1087, in get_or_select_template
    return self.get_template(template_name_or_list, parent, globals)
           ~~~~~~~~~~~~~~~~~^^^^^^^^^^^^^^^^^^^^^^^^^^^^^^^^^^^^^^^^
  File "C:\Users\Lily Jayne Baxendale\anaconda3\Lib\site-packages\jinja2\environment.py", line 1016, in get_template
    return self._load_template(name, globals)
           ~~~~~~~~~~~~~~~~~~~^^^^^^^^^^^^^^^
  File "C:\Users\Lily Jayne Baxendale\anaconda3\Lib\site-packages\jinja2\environment.py", line 975, in _load_template
    template = self.loader.load(self, name, self.make_globals(globals))
  File "C:\Users\Lily Jayne Baxendale\anaconda3\Lib\site-packages\jinja2\loaders.py", line 126, in load
    source, filename, uptodate = self.get_source(environment, name)
                                 ~~~~~~~~~~~~~~~^^^^^^^^^^^^^^^^^^^
  File "C:\Users\Lily Jayne Baxendale\anaconda3\Lib\site-packages\flask\templating.py", line 65, in get_source
    return self._get_source_fast(environment, template)
           ~~~~~~~~~~~~~~~~~~~~~^^^^^^^^^^^^^^^^^^^^^^^
  File "C:\Users\Lily Jayne Baxendale\anaconda3\Lib\site-packages\flask\templating.py", line 99, in _get_source_fast
    raise TemplateNotFound(template)
jinja2.exceptions.TemplateNotFound: 404.html
2025-12-04 12:31:07,756 [INFO] 127.0.0.1 - - [04/Dec/2025 12:31:07] "[35m[1mGET /favicon.ico HTTP/1.1[0m" 500 -
2025-12-04 12:31:09,692 [INFO] 127.0.0.1 - - [04/Dec/2025 12:31:09] "GET /about HTTP/1.1" 200 -
2025-12-04 12:31:09,719 [INFO] 127.0.0.1 - - [04/Dec/2025 12:31:09] "[36mGET /static/css/about.css HTTP/1.1[0m" 304 -
2025-12-04 12:31:09,729 [WARNING] 404 Not Found: /favicon.ico
2025-12-04 12:31:09,733 [ERROR] Exception on /favicon.ico [GET]
Traceback (most recent call last):
  File "C:\Users\Lily Jayne Baxendale\anaconda3\Lib\site-packages\flask\app.py", line 917, in full_dispatch_request
    rv = self.dispatch_request()
  File "C:\Users\Lily Jayne Baxendale\anaconda3\Lib\site-packages\flask\app.py", line 891, in dispatch_request
    self.raise_routing_exception(req)
    ~~~~~~~~~~~~~~~~~~~~~~~~~~~~^^^^^
  File "C:\Users\Lily Jayne Baxendale\anaconda3\Lib\site-packages\flask\app.py", line 500, in raise_routing_exception
    raise request.routing_exception  # type: ignore[misc]
    ^^^^^^^^^^^^^^^^^^^^^^^^^^^^^^^
  File "C:\Users\Lily Jayne Baxendale\anaconda3\Lib\site-packages\flask\ctx.py", line 362, in match_request
    result = self.url_adapter.match(return_rule=True)  # type: ignore
  File "C:\Users\Lily Jayne Baxendale\anaconda3\Lib\site-packages\werkzeug\routing\map.py", line 629, in match
    raise NotFound() from None
werkzeug.exceptions.NotFound: 404 Not Found: The requested URL was not found on the server. If you entered the URL manually please check your spelling and try again.

During handling of the above exception, another exception occurred:

Traceback (most recent call last):
  File "C:\Users\Lily Jayne Baxendale\anaconda3\Lib\site-packages\flask\app.py", line 1511, in wsgi_app
    response = self.full_dispatch_request()
  File "C:\Users\Lily Jayne Baxendale\anaconda3\Lib\site-packages\flask\app.py", line 919, in full_dispatch_request
    rv = self.handle_user_exception(e)
  File "C:\Users\Lily Jayne Baxendale\anaconda3\Lib\site-packages\flask\app.py", line 802, in handle_user_exception
    return self.handle_http_exception(e)
           ~~~~~~~~~~~~~~~~~~~~~~~~~~^^^
  File "C:\Users\Lily Jayne Baxendale\anaconda3\Lib\site-packages\flask\app.py", line 777, in handle_http_exception
    return self.ensure_sync(handler)(e)  # type: ignore[no-any-return]
           ~~~~~~~~~~~~~~~~~~~~~~~~~^^^
  File "C:\Users\Lily Jayne Baxendale\AppData\Local\Temp\ipykernel_32252\2561818670.py", line 313, in not_found
    return render_template("404.html"), 404
           ~~~~~~~~~~~~~~~^^^^^^^^^^^^
  File "C:\Users\Lily Jayne Baxendale\anaconda3\Lib\site-packages\flask\templating.py", line 149, in render_template
    template = app.jinja_env.get_or_select_template(template_name_or_list)
  File "C:\Users\Lily Jayne Baxendale\anaconda3\Lib\site-packages\jinja2\environment.py", line 1087, in get_or_select_template
    return self.get_template(template_name_or_list, parent, globals)
           ~~~~~~~~~~~~~~~~~^^^^^^^^^^^^^^^^^^^^^^^^^^^^^^^^^^^^^^^^
  File "C:\Users\Lily Jayne Baxendale\anaconda3\Lib\site-packages\jinja2\environment.py", line 1016, in get_template
    return self._load_template(name, globals)
           ~~~~~~~~~~~~~~~~~~~^^^^^^^^^^^^^^^
  File "C:\Users\Lily Jayne Baxendale\anaconda3\Lib\site-packages\jinja2\environment.py", line 975, in _load_template
    template = self.loader.load(self, name, self.make_globals(globals))
  File "C:\Users\Lily Jayne Baxendale\anaconda3\Lib\site-packages\jinja2\loaders.py", line 126, in load
    source, filename, uptodate = self.get_source(environment, name)
                                 ~~~~~~~~~~~~~~~^^^^^^^^^^^^^^^^^^^
  File "C:\Users\Lily Jayne Baxendale\anaconda3\Lib\site-packages\flask\templating.py", line 65, in get_source
    return self._get_source_fast(environment, template)
           ~~~~~~~~~~~~~~~~~~~~~^^^^^^^^^^^^^^^^^^^^^^^
  File "C:\Users\Lily Jayne Baxendale\anaconda3\Lib\site-packages\flask\templating.py", line 99, in _get_source_fast
    raise TemplateNotFound(template)
jinja2.exceptions.TemplateNotFound: 404.html
2025-12-04 12:31:09,740 [INFO] 127.0.0.1 - - [04/Dec/2025 12:31:09] "[35m[1mGET /favicon.ico HTTP/1.1[0m" 500 -
2025-12-04 12:31:11,079 [INFO] 127.0.0.1 - - [04/Dec/2025 12:31:11] "GET /login HTTP/1.1" 200 -
2025-12-04 12:31:11,107 [INFO] 127.0.0.1 - - [04/Dec/2025 12:31:11] "[36mGET /static/css/login.css HTTP/1.1[0m" 304 -
2025-12-04 12:31:11,118 [WARNING] 404 Not Found: /favicon.ico
2025-12-04 12:31:11,121 [ERROR] Exception on /favicon.ico [GET]
Traceback (most recent call last):
  File "C:\Users\Lily Jayne Baxendale\anaconda3\Lib\site-packages\flask\app.py", line 917, in full_dispatch_request
    rv = self.dispatch_request()
  File "C:\Users\Lily Jayne Baxendale\anaconda3\Lib\site-packages\flask\app.py", line 891, in dispatch_request
    self.raise_routing_exception(req)
    ~~~~~~~~~~~~~~~~~~~~~~~~~~~~^^^^^
  File "C:\Users\Lily Jayne Baxendale\anaconda3\Lib\site-packages\flask\app.py", line 500, in raise_routing_exception
    raise request.routing_exception  # type: ignore[misc]
    ^^^^^^^^^^^^^^^^^^^^^^^^^^^^^^^
  File "C:\Users\Lily Jayne Baxendale\anaconda3\Lib\site-packages\flask\ctx.py", line 362, in match_request
    result = self.url_adapter.match(return_rule=True)  # type: ignore
  File "C:\Users\Lily Jayne Baxendale\anaconda3\Lib\site-packages\werkzeug\routing\map.py", line 629, in match
    raise NotFound() from None
werkzeug.exceptions.NotFound: 404 Not Found: The requested URL was not found on the server. If you entered the URL manually please check your spelling and try again.

During handling of the above exception, another exception occurred:

Traceback (most recent call last):
  File "C:\Users\Lily Jayne Baxendale\anaconda3\Lib\site-packages\flask\app.py", line 1511, in wsgi_app
    response = self.full_dispatch_request()
  File "C:\Users\Lily Jayne Baxendale\anaconda3\Lib\site-packages\flask\app.py", line 919, in full_dispatch_request
    rv = self.handle_user_exception(e)
  File "C:\Users\Lily Jayne Baxendale\anaconda3\Lib\site-packages\flask\app.py", line 802, in handle_user_exception
    return self.handle_http_exception(e)
           ~~~~~~~~~~~~~~~~~~~~~~~~~~^^^
  File "C:\Users\Lily Jayne Baxendale\anaconda3\Lib\site-packages\flask\app.py", line 777, in handle_http_exception
    return self.ensure_sync(handler)(e)  # type: ignore[no-any-return]
           ~~~~~~~~~~~~~~~~~~~~~~~~~^^^
  File "C:\Users\Lily Jayne Baxendale\AppData\Local\Temp\ipykernel_32252\2561818670.py", line 313, in not_found
    return render_template("404.html"), 404
           ~~~~~~~~~~~~~~~^^^^^^^^^^^^
  File "C:\Users\Lily Jayne Baxendale\anaconda3\Lib\site-packages\flask\templating.py", line 149, in render_template
    template = app.jinja_env.get_or_select_template(template_name_or_list)
  File "C:\Users\Lily Jayne Baxendale\anaconda3\Lib\site-packages\jinja2\environment.py", line 1087, in get_or_select_template
    return self.get_template(template_name_or_list, parent, globals)
           ~~~~~~~~~~~~~~~~~^^^^^^^^^^^^^^^^^^^^^^^^^^^^^^^^^^^^^^^^
  File "C:\Users\Lily Jayne Baxendale\anaconda3\Lib\site-packages\jinja2\environment.py", line 1016, in get_template
    return self._load_template(name, globals)
           ~~~~~~~~~~~~~~~~~~~^^^^^^^^^^^^^^^
  File "C:\Users\Lily Jayne Baxendale\anaconda3\Lib\site-packages\jinja2\environment.py", line 975, in _load_template
    template = self.loader.load(self, name, self.make_globals(globals))
  File "C:\Users\Lily Jayne Baxendale\anaconda3\Lib\site-packages\jinja2\loaders.py", line 126, in load
    source, filename, uptodate = self.get_source(environment, name)
                                 ~~~~~~~~~~~~~~~^^^^^^^^^^^^^^^^^^^
  File "C:\Users\Lily Jayne Baxendale\anaconda3\Lib\site-packages\flask\templating.py", line 65, in get_source
    return self._get_source_fast(environment, template)
           ~~~~~~~~~~~~~~~~~~~~~^^^^^^^^^^^^^^^^^^^^^^^
  File "C:\Users\Lily Jayne Baxendale\anaconda3\Lib\site-packages\flask\templating.py", line 99, in _get_source_fast
    raise TemplateNotFound(template)
jinja2.exceptions.TemplateNotFound: 404.html
2025-12-04 12:31:11,128 [INFO] 127.0.0.1 - - [04/Dec/2025 12:31:11] "[35m[1mGET /favicon.ico HTTP/1.1[0m" 500 -
2025-12-04 12:31:25,611 [WARNING] 404 Not Found: /success.html
2025-12-04 12:31:25,615 [ERROR] Exception on /success.html [POST]
Traceback (most recent call last):
  File "C:\Users\Lily Jayne Baxendale\anaconda3\Lib\site-packages\flask\app.py", line 917, in full_dispatch_request
    rv = self.dispatch_request()
  File "C:\Users\Lily Jayne Baxendale\anaconda3\Lib\site-packages\flask\app.py", line 891, in dispatch_request
    self.raise_routing_exception(req)
    ~~~~~~~~~~~~~~~~~~~~~~~~~~~~^^^^^
  File "C:\Users\Lily Jayne Baxendale\anaconda3\Lib\site-packages\flask\app.py", line 500, in raise_routing_exception
    raise request.routing_exception  # type: ignore[misc]
    ^^^^^^^^^^^^^^^^^^^^^^^^^^^^^^^
  File "C:\Users\Lily Jayne Baxendale\anaconda3\Lib\site-packages\flask\ctx.py", line 362, in match_request
    result = self.url_adapter.match(return_rule=True)  # type: ignore
  File "C:\Users\Lily Jayne Baxendale\anaconda3\Lib\site-packages\werkzeug\routing\map.py", line 629, in match
    raise NotFound() from None
werkzeug.exceptions.NotFound: 404 Not Found: The requested URL was not found on the server. If you entered the URL manually please check your spelling and try again.

During handling of the above exception, another exception occurred:

Traceback (most recent call last):
  File "C:\Users\Lily Jayne Baxendale\anaconda3\Lib\site-packages\flask\app.py", line 1511, in wsgi_app
    response = self.full_dispatch_request()
  File "C:\Users\Lily Jayne Baxendale\anaconda3\Lib\site-packages\flask\app.py", line 919, in full_dispatch_request
    rv = self.handle_user_exception(e)
  File "C:\Users\Lily Jayne Baxendale\anaconda3\Lib\site-packages\flask\app.py", line 802, in handle_user_exception
    return self.handle_http_exception(e)
           ~~~~~~~~~~~~~~~~~~~~~~~~~~^^^
  File "C:\Users\Lily Jayne Baxendale\anaconda3\Lib\site-packages\flask\app.py", line 777, in handle_http_exception
    return self.ensure_sync(handler)(e)  # type: ignore[no-any-return]
           ~~~~~~~~~~~~~~~~~~~~~~~~~^^^
  File "C:\Users\Lily Jayne Baxendale\AppData\Local\Temp\ipykernel_32252\2561818670.py", line 313, in not_found
    return render_template("404.html"), 404
           ~~~~~~~~~~~~~~~^^^^^^^^^^^^
  File "C:\Users\Lily Jayne Baxendale\anaconda3\Lib\site-packages\flask\templating.py", line 149, in render_template
    template = app.jinja_env.get_or_select_template(template_name_or_list)
  File "C:\Users\Lily Jayne Baxendale\anaconda3\Lib\site-packages\jinja2\environment.py", line 1087, in get_or_select_template
    return self.get_template(template_name_or_list, parent, globals)
           ~~~~~~~~~~~~~~~~~^^^^^^^^^^^^^^^^^^^^^^^^^^^^^^^^^^^^^^^^
  File "C:\Users\Lily Jayne Baxendale\anaconda3\Lib\site-packages\jinja2\environment.py", line 1016, in get_template
    return self._load_template(name, globals)
           ~~~~~~~~~~~~~~~~~~~^^^^^^^^^^^^^^^
  File "C:\Users\Lily Jayne Baxendale\anaconda3\Lib\site-packages\jinja2\environment.py", line 975, in _load_template
    template = self.loader.load(self, name, self.make_globals(globals))
  File "C:\Users\Lily Jayne Baxendale\anaconda3\Lib\site-packages\jinja2\loaders.py", line 126, in load
    source, filename, uptodate = self.get_source(environment, name)
                                 ~~~~~~~~~~~~~~~^^^^^^^^^^^^^^^^^^^
  File "C:\Users\Lily Jayne Baxendale\anaconda3\Lib\site-packages\flask\templating.py", line 65, in get_source
    return self._get_source_fast(environment, template)
           ~~~~~~~~~~~~~~~~~~~~~^^^^^^^^^^^^^^^^^^^^^^^
  File "C:\Users\Lily Jayne Baxendale\anaconda3\Lib\site-packages\flask\templating.py", line 99, in _get_source_fast
    raise TemplateNotFound(template)
jinja2.exceptions.TemplateNotFound: 404.html
2025-12-04 12:31:25,622 [INFO] 127.0.0.1 - - [04/Dec/2025 12:31:25] "[35m[1mPOST /success.html HTTP/1.1[0m" 500 -
2025-12-04 12:31:25,652 [WARNING] 404 Not Found: /favicon.ico
2025-12-04 12:31:25,655 [ERROR] Exception on /favicon.ico [GET]
Traceback (most recent call last):
  File "C:\Users\Lily Jayne Baxendale\anaconda3\Lib\site-packages\flask\app.py", line 917, in full_dispatch_request
    rv = self.dispatch_request()
  File "C:\Users\Lily Jayne Baxendale\anaconda3\Lib\site-packages\flask\app.py", line 891, in dispatch_request
    self.raise_routing_exception(req)
    ~~~~~~~~~~~~~~~~~~~~~~~~~~~~^^^^^
  File "C:\Users\Lily Jayne Baxendale\anaconda3\Lib\site-packages\flask\app.py", line 500, in raise_routing_exception
    raise request.routing_exception  # type: ignore[misc]
    ^^^^^^^^^^^^^^^^^^^^^^^^^^^^^^^
  File "C:\Users\Lily Jayne Baxendale\anaconda3\Lib\site-packages\flask\ctx.py", line 362, in match_request
    result = self.url_adapter.match(return_rule=True)  # type: ignore
  File "C:\Users\Lily Jayne Baxendale\anaconda3\Lib\site-packages\werkzeug\routing\map.py", line 629, in match
    raise NotFound() from None
werkzeug.exceptions.NotFound: 404 Not Found: The requested URL was not found on the server. If you entered the URL manually please check your spelling and try again.

During handling of the above exception, another exception occurred:

Traceback (most recent call last):
  File "C:\Users\Lily Jayne Baxendale\anaconda3\Lib\site-packages\flask\app.py", line 1511, in wsgi_app
    response = self.full_dispatch_request()
  File "C:\Users\Lily Jayne Baxendale\anaconda3\Lib\site-packages\flask\app.py", line 919, in full_dispatch_request
    rv = self.handle_user_exception(e)
  File "C:\Users\Lily Jayne Baxendale\anaconda3\Lib\site-packages\flask\app.py", line 802, in handle_user_exception
    return self.handle_http_exception(e)
           ~~~~~~~~~~~~~~~~~~~~~~~~~~^^^
  File "C:\Users\Lily Jayne Baxendale\anaconda3\Lib\site-packages\flask\app.py", line 777, in handle_http_exception
    return self.ensure_sync(handler)(e)  # type: ignore[no-any-return]
           ~~~~~~~~~~~~~~~~~~~~~~~~~^^^
  File "C:\Users\Lily Jayne Baxendale\AppData\Local\Temp\ipykernel_32252\2561818670.py", line 313, in not_found
    return render_template("404.html"), 404
           ~~~~~~~~~~~~~~~^^^^^^^^^^^^
  File "C:\Users\Lily Jayne Baxendale\anaconda3\Lib\site-packages\flask\templating.py", line 149, in render_template
    template = app.jinja_env.get_or_select_template(template_name_or_list)
  File "C:\Users\Lily Jayne Baxendale\anaconda3\Lib\site-packages\jinja2\environment.py", line 1087, in get_or_select_template
    return self.get_template(template_name_or_list, parent, globals)
           ~~~~~~~~~~~~~~~~~^^^^^^^^^^^^^^^^^^^^^^^^^^^^^^^^^^^^^^^^
  File "C:\Users\Lily Jayne Baxendale\anaconda3\Lib\site-packages\jinja2\environment.py", line 1016, in get_template
    return self._load_template(name, globals)
           ~~~~~~~~~~~~~~~~~~~^^^^^^^^^^^^^^^
  File "C:\Users\Lily Jayne Baxendale\anaconda3\Lib\site-packages\jinja2\environment.py", line 975, in _load_template
    template = self.loader.load(self, name, self.make_globals(globals))
  File "C:\Users\Lily Jayne Baxendale\anaconda3\Lib\site-packages\jinja2\loaders.py", line 126, in load
    source, filename, uptodate = self.get_source(environment, name)
                                 ~~~~~~~~~~~~~~~^^^^^^^^^^^^^^^^^^^
  File "C:\Users\Lily Jayne Baxendale\anaconda3\Lib\site-packages\flask\templating.py", line 65, in get_source
    return self._get_source_fast(environment, template)
           ~~~~~~~~~~~~~~~~~~~~~^^^^^^^^^^^^^^^^^^^^^^^
  File "C:\Users\Lily Jayne Baxendale\anaconda3\Lib\site-packages\flask\templating.py", line 99, in _get_source_fast
    raise TemplateNotFound(template)
jinja2.exceptions.TemplateNotFound: 404.html
2025-12-04 12:31:25,660 [INFO] 127.0.0.1 - - [04/Dec/2025 12:31:25] "[35m[1mGET /favicon.ico HTTP/1.1[0m" 500 -
2025-12-04 12:33:18,675 [WARNING] 404 Not Found: /favicon.ico
2025-12-04 12:33:18,679 [ERROR] Exception on /favicon.ico [GET]
Traceback (most recent call last):
  File "C:\Users\Lily Jayne Baxendale\anaconda3\Lib\site-packages\flask\app.py", line 917, in full_dispatch_request
    rv = self.dispatch_request()
  File "C:\Users\Lily Jayne Baxendale\anaconda3\Lib\site-packages\flask\app.py", line 891, in dispatch_request
    self.raise_routing_exception(req)
    ~~~~~~~~~~~~~~~~~~~~~~~~~~~~^^^^^
  File "C:\Users\Lily Jayne Baxendale\anaconda3\Lib\site-packages\flask\app.py", line 500, in raise_routing_exception
    raise request.routing_exception  # type: ignore[misc]
    ^^^^^^^^^^^^^^^^^^^^^^^^^^^^^^^
  File "C:\Users\Lily Jayne Baxendale\anaconda3\Lib\site-packages\flask\ctx.py", line 362, in match_request
    result = self.url_adapter.match(return_rule=True)  # type: ignore
  File "C:\Users\Lily Jayne Baxendale\anaconda3\Lib\site-packages\werkzeug\routing\map.py", line 629, in match
    raise NotFound() from None
werkzeug.exceptions.NotFound: 404 Not Found: The requested URL was not found on the server. If you entered the URL manually please check your spelling and try again.

During handling of the above exception, another exception occurred:

Traceback (most recent call last):
  File "C:\Users\Lily Jayne Baxendale\anaconda3\Lib\site-packages\flask\app.py", line 1511, in wsgi_app
    response = self.full_dispatch_request()
  File "C:\Users\Lily Jayne Baxendale\anaconda3\Lib\site-packages\flask\app.py", line 919, in full_dispatch_request
    rv = self.handle_user_exception(e)
  File "C:\Users\Lily Jayne Baxendale\anaconda3\Lib\site-packages\flask\app.py", line 802, in handle_user_exception
    return self.handle_http_exception(e)
           ~~~~~~~~~~~~~~~~~~~~~~~~~~^^^
  File "C:\Users\Lily Jayne Baxendale\anaconda3\Lib\site-packages\flask\app.py", line 777, in handle_http_exception
    return self.ensure_sync(handler)(e)  # type: ignore[no-any-return]
           ~~~~~~~~~~~~~~~~~~~~~~~~~^^^
  File "C:\Users\Lily Jayne Baxendale\AppData\Local\Temp\ipykernel_32252\2561818670.py", line 313, in not_found
    return render_template("404.html"), 404
           ~~~~~~~~~~~~~~~^^^^^^^^^^^^
  File "C:\Users\Lily Jayne Baxendale\anaconda3\Lib\site-packages\flask\templating.py", line 149, in render_template
    template = app.jinja_env.get_or_select_template(template_name_or_list)
  File "C:\Users\Lily Jayne Baxendale\anaconda3\Lib\site-packages\jinja2\environment.py", line 1087, in get_or_select_template
    return self.get_template(template_name_or_list, parent, globals)
           ~~~~~~~~~~~~~~~~~^^^^^^^^^^^^^^^^^^^^^^^^^^^^^^^^^^^^^^^^
  File "C:\Users\Lily Jayne Baxendale\anaconda3\Lib\site-packages\jinja2\environment.py", line 1016, in get_template
    return self._load_template(name, globals)
           ~~~~~~~~~~~~~~~~~~~^^^^^^^^^^^^^^^
  File "C:\Users\Lily Jayne Baxendale\anaconda3\Lib\site-packages\jinja2\environment.py", line 975, in _load_template
    template = self.loader.load(self, name, self.make_globals(globals))
  File "C:\Users\Lily Jayne Baxendale\anaconda3\Lib\site-packages\jinja2\loaders.py", line 126, in load
    source, filename, uptodate = self.get_source(environment, name)
                                 ~~~~~~~~~~~~~~~^^^^^^^^^^^^^^^^^^^
  File "C:\Users\Lily Jayne Baxendale\anaconda3\Lib\site-packages\flask\templating.py", line 65, in get_source
    return self._get_source_fast(environment, template)
           ~~~~~~~~~~~~~~~~~~~~~^^^^^^^^^^^^^^^^^^^^^^^
  File "C:\Users\Lily Jayne Baxendale\anaconda3\Lib\site-packages\flask\templating.py", line 99, in _get_source_fast
    raise TemplateNotFound(template)
jinja2.exceptions.TemplateNotFound: 404.html
2025-12-04 12:33:18,683 [INFO] 127.0.0.1 - - [04/Dec/2025 12:33:18] "[35m[1mGET /favicon.ico HTTP/1.1[0m" 500 -
2025-12-04 12:41:58,193 [INFO] [31m[1mWARNING: This is a development server. Do not use it in a production deployment. Use a production WSGI server instead.[0m
 * Running on http://127.0.0.1:5000
2025-12-04 12:41:58,194 [INFO] [33mPress CTRL+C to quit[0m
2025-12-04 12:42:40,600 [INFO] 127.0.0.1 - - [04/Dec/2025 12:42:40] "GET / HTTP/1.1" 200 -
2025-12-04 12:42:40,743 [INFO] 127.0.0.1 - - [04/Dec/2025 12:42:40] "[36mGET /static/images/graph.png HTTP/1.1[0m" 304 -
2025-12-04 12:42:40,749 [INFO] 127.0.0.1 - - [04/Dec/2025 12:42:40] "[36mGET /static/css/homepage.css HTTP/1.1[0m" 304 -
2025-12-04 12:42:41,190 [WARNING] 404 Not Found: /favicon.ico
2025-12-04 12:42:41,194 [ERROR] Exception on /favicon.ico [GET]
Traceback (most recent call last):
  File "C:\Users\Lily Jayne Baxendale\anaconda3\Lib\site-packages\flask\app.py", line 917, in full_dispatch_request
    rv = self.dispatch_request()
  File "C:\Users\Lily Jayne Baxendale\anaconda3\Lib\site-packages\flask\app.py", line 891, in dispatch_request
    self.raise_routing_exception(req)
    ~~~~~~~~~~~~~~~~~~~~~~~~~~~~^^^^^
  File "C:\Users\Lily Jayne Baxendale\anaconda3\Lib\site-packages\flask\app.py", line 500, in raise_routing_exception
    raise request.routing_exception  # type: ignore[misc]
    ^^^^^^^^^^^^^^^^^^^^^^^^^^^^^^^
  File "C:\Users\Lily Jayne Baxendale\anaconda3\Lib\site-packages\flask\ctx.py", line 362, in match_request
    result = self.url_adapter.match(return_rule=True)  # type: ignore
  File "C:\Users\Lily Jayne Baxendale\anaconda3\Lib\site-packages\werkzeug\routing\map.py", line 629, in match
    raise NotFound() from None
werkzeug.exceptions.NotFound: 404 Not Found: The requested URL was not found on the server. If you entered the URL manually please check your spelling and try again.

During handling of the above exception, another exception occurred:

Traceback (most recent call last):
  File "C:\Users\Lily Jayne Baxendale\anaconda3\Lib\site-packages\flask\app.py", line 1511, in wsgi_app
    response = self.full_dispatch_request()
  File "C:\Users\Lily Jayne Baxendale\anaconda3\Lib\site-packages\flask\app.py", line 919, in full_dispatch_request
    rv = self.handle_user_exception(e)
  File "C:\Users\Lily Jayne Baxendale\anaconda3\Lib\site-packages\flask\app.py", line 802, in handle_user_exception
    return self.handle_http_exception(e)
           ~~~~~~~~~~~~~~~~~~~~~~~~~~^^^
  File "C:\Users\Lily Jayne Baxendale\anaconda3\Lib\site-packages\flask\app.py", line 777, in handle_http_exception
    return self.ensure_sync(handler)(e)  # type: ignore[no-any-return]
           ~~~~~~~~~~~~~~~~~~~~~~~~~^^^
  File "C:\Users\Lily Jayne Baxendale\AppData\Local\Temp\ipykernel_20760\2561818670.py", line 313, in not_found
    return render_template("404.html"), 404
           ~~~~~~~~~~~~~~~^^^^^^^^^^^^
  File "C:\Users\Lily Jayne Baxendale\anaconda3\Lib\site-packages\flask\templating.py", line 149, in render_template
    template = app.jinja_env.get_or_select_template(template_name_or_list)
  File "C:\Users\Lily Jayne Baxendale\anaconda3\Lib\site-packages\jinja2\environment.py", line 1087, in get_or_select_template
    return self.get_template(template_name_or_list, parent, globals)
           ~~~~~~~~~~~~~~~~~^^^^^^^^^^^^^^^^^^^^^^^^^^^^^^^^^^^^^^^^
  File "C:\Users\Lily Jayne Baxendale\anaconda3\Lib\site-packages\jinja2\environment.py", line 1016, in get_template
    return self._load_template(name, globals)
           ~~~~~~~~~~~~~~~~~~~^^^^^^^^^^^^^^^
  File "C:\Users\Lily Jayne Baxendale\anaconda3\Lib\site-packages\jinja2\environment.py", line 975, in _load_template
    template = self.loader.load(self, name, self.make_globals(globals))
  File "C:\Users\Lily Jayne Baxendale\anaconda3\Lib\site-packages\jinja2\loaders.py", line 126, in load
    source, filename, uptodate = self.get_source(environment, name)
                                 ~~~~~~~~~~~~~~~^^^^^^^^^^^^^^^^^^^
  File "C:\Users\Lily Jayne Baxendale\anaconda3\Lib\site-packages\flask\templating.py", line 65, in get_source
    return self._get_source_fast(environment, template)
           ~~~~~~~~~~~~~~~~~~~~~^^^^^^^^^^^^^^^^^^^^^^^
  File "C:\Users\Lily Jayne Baxendale\anaconda3\Lib\site-packages\flask\templating.py", line 99, in _get_source_fast
    raise TemplateNotFound(template)
jinja2.exceptions.TemplateNotFound: 404.html
2025-12-04 12:42:41,202 [INFO] 127.0.0.1 - - [04/Dec/2025 12:42:41] "[35m[1mGET /favicon.ico HTTP/1.1[0m" 500 -
2025-12-04 12:42:42,569 [INFO] 127.0.0.1 - - [04/Dec/2025 12:42:42] "GET /login HTTP/1.1" 200 -
2025-12-04 12:42:42,595 [INFO] 127.0.0.1 - - [04/Dec/2025 12:42:42] "[36mGET /static/css/login.css HTTP/1.1[0m" 304 -
2025-12-04 12:42:42,614 [WARNING] 404 Not Found: /favicon.ico
2025-12-04 12:42:42,618 [ERROR] Exception on /favicon.ico [GET]
Traceback (most recent call last):
  File "C:\Users\Lily Jayne Baxendale\anaconda3\Lib\site-packages\flask\app.py", line 917, in full_dispatch_request
    rv = self.dispatch_request()
  File "C:\Users\Lily Jayne Baxendale\anaconda3\Lib\site-packages\flask\app.py", line 891, in dispatch_request
    self.raise_routing_exception(req)
    ~~~~~~~~~~~~~~~~~~~~~~~~~~~~^^^^^
  File "C:\Users\Lily Jayne Baxendale\anaconda3\Lib\site-packages\flask\app.py", line 500, in raise_routing_exception
    raise request.routing_exception  # type: ignore[misc]
    ^^^^^^^^^^^^^^^^^^^^^^^^^^^^^^^
  File "C:\Users\Lily Jayne Baxendale\anaconda3\Lib\site-packages\flask\ctx.py", line 362, in match_request
    result = self.url_adapter.match(return_rule=True)  # type: ignore
  File "C:\Users\Lily Jayne Baxendale\anaconda3\Lib\site-packages\werkzeug\routing\map.py", line 629, in match
    raise NotFound() from None
werkzeug.exceptions.NotFound: 404 Not Found: The requested URL was not found on the server. If you entered the URL manually please check your spelling and try again.

During handling of the above exception, another exception occurred:

Traceback (most recent call last):
  File "C:\Users\Lily Jayne Baxendale\anaconda3\Lib\site-packages\flask\app.py", line 1511, in wsgi_app
    response = self.full_dispatch_request()
  File "C:\Users\Lily Jayne Baxendale\anaconda3\Lib\site-packages\flask\app.py", line 919, in full_dispatch_request
    rv = self.handle_user_exception(e)
  File "C:\Users\Lily Jayne Baxendale\anaconda3\Lib\site-packages\flask\app.py", line 802, in handle_user_exception
    return self.handle_http_exception(e)
           ~~~~~~~~~~~~~~~~~~~~~~~~~~^^^
  File "C:\Users\Lily Jayne Baxendale\anaconda3\Lib\site-packages\flask\app.py", line 777, in handle_http_exception
    return self.ensure_sync(handler)(e)  # type: ignore[no-any-return]
           ~~~~~~~~~~~~~~~~~~~~~~~~~^^^
  File "C:\Users\Lily Jayne Baxendale\AppData\Local\Temp\ipykernel_20760\2561818670.py", line 313, in not_found
    return render_template("404.html"), 404
           ~~~~~~~~~~~~~~~^^^^^^^^^^^^
  File "C:\Users\Lily Jayne Baxendale\anaconda3\Lib\site-packages\flask\templating.py", line 149, in render_template
    template = app.jinja_env.get_or_select_template(template_name_or_list)
  File "C:\Users\Lily Jayne Baxendale\anaconda3\Lib\site-packages\jinja2\environment.py", line 1087, in get_or_select_template
    return self.get_template(template_name_or_list, parent, globals)
           ~~~~~~~~~~~~~~~~~^^^^^^^^^^^^^^^^^^^^^^^^^^^^^^^^^^^^^^^^
  File "C:\Users\Lily Jayne Baxendale\anaconda3\Lib\site-packages\jinja2\environment.py", line 1016, in get_template
    return self._load_template(name, globals)
           ~~~~~~~~~~~~~~~~~~~^^^^^^^^^^^^^^^
  File "C:\Users\Lily Jayne Baxendale\anaconda3\Lib\site-packages\jinja2\environment.py", line 975, in _load_template
    template = self.loader.load(self, name, self.make_globals(globals))
  File "C:\Users\Lily Jayne Baxendale\anaconda3\Lib\site-packages\jinja2\loaders.py", line 126, in load
    source, filename, uptodate = self.get_source(environment, name)
                                 ~~~~~~~~~~~~~~~^^^^^^^^^^^^^^^^^^^
  File "C:\Users\Lily Jayne Baxendale\anaconda3\Lib\site-packages\flask\templating.py", line 65, in get_source
    return self._get_source_fast(environment, template)
           ~~~~~~~~~~~~~~~~~~~~~^^^^^^^^^^^^^^^^^^^^^^^
  File "C:\Users\Lily Jayne Baxendale\anaconda3\Lib\site-packages\flask\templating.py", line 99, in _get_source_fast
    raise TemplateNotFound(template)
jinja2.exceptions.TemplateNotFound: 404.html
2025-12-04 12:42:42,625 [INFO] 127.0.0.1 - - [04/Dec/2025 12:42:42] "[35m[1mGET /favicon.ico HTTP/1.1[0m" 500 -
2025-12-04 12:42:53,252 [ERROR] Exception on /login [POST]
Traceback (most recent call last):
  File "C:\Users\Lily Jayne Baxendale\anaconda3\Lib\site-packages\flask\app.py", line 1511, in wsgi_app
    response = self.full_dispatch_request()
  File "C:\Users\Lily Jayne Baxendale\anaconda3\Lib\site-packages\flask\app.py", line 919, in full_dispatch_request
    rv = self.handle_user_exception(e)
  File "C:\Users\Lily Jayne Baxendale\anaconda3\Lib\site-packages\flask\app.py", line 917, in full_dispatch_request
    rv = self.dispatch_request()
  File "C:\Users\Lily Jayne Baxendale\anaconda3\Lib\site-packages\flask\app.py", line 902, in dispatch_request
    return self.ensure_sync(self.view_functions[rule.endpoint])(**view_args)  # type: ignore[no-any-return]
           ~~~~~~~~~~~~~~~~~~~~~~~~~~~~~~~~~~~~~~~~~~~~~~~~~~~~^^^^^^^^^^^^^
  File "C:\Users\Lily Jayne Baxendale\AppData\Local\Temp\ipykernel_20760\2561818670.py", line 259, in login
    ID, First_name, Last_name, username, email, password_hash, user_role = row
    ^^^^^^^^^^^^^^^^^^^^^^^^^^^^^^^^^^^^^^^^^^^^^^^^^^^^^^^^^^^^^^^^^^^^
ValueError: not enough values to unpack (expected 7, got 6)
2025-12-04 12:42:53,258 [INFO] 127.0.0.1 - - [04/Dec/2025 12:42:53] "[35m[1mPOST /login HTTP/1.1[0m" 500 -
2025-12-04 12:42:53,290 [WARNING] 404 Not Found: /favicon.ico
2025-12-04 12:42:53,295 [ERROR] Exception on /favicon.ico [GET]
Traceback (most recent call last):
  File "C:\Users\Lily Jayne Baxendale\anaconda3\Lib\site-packages\flask\app.py", line 917, in full_dispatch_request
    rv = self.dispatch_request()
  File "C:\Users\Lily Jayne Baxendale\anaconda3\Lib\site-packages\flask\app.py", line 891, in dispatch_request
    self.raise_routing_exception(req)
    ~~~~~~~~~~~~~~~~~~~~~~~~~~~~^^^^^
  File "C:\Users\Lily Jayne Baxendale\anaconda3\Lib\site-packages\flask\app.py", line 500, in raise_routing_exception
    raise request.routing_exception  # type: ignore[misc]
    ^^^^^^^^^^^^^^^^^^^^^^^^^^^^^^^
  File "C:\Users\Lily Jayne Baxendale\anaconda3\Lib\site-packages\flask\ctx.py", line 362, in match_request
    result = self.url_adapter.match(return_rule=True)  # type: ignore
  File "C:\Users\Lily Jayne Baxendale\anaconda3\Lib\site-packages\werkzeug\routing\map.py", line 629, in match
    raise NotFound() from None
werkzeug.exceptions.NotFound: 404 Not Found: The requested URL was not found on the server. If you entered the URL manually please check your spelling and try again.

During handling of the above exception, another exception occurred:

Traceback (most recent call last):
  File "C:\Users\Lily Jayne Baxendale\anaconda3\Lib\site-packages\flask\app.py", line 1511, in wsgi_app
    response = self.full_dispatch_request()
  File "C:\Users\Lily Jayne Baxendale\anaconda3\Lib\site-packages\flask\app.py", line 919, in full_dispatch_request
    rv = self.handle_user_exception(e)
  File "C:\Users\Lily Jayne Baxendale\anaconda3\Lib\site-packages\flask\app.py", line 802, in handle_user_exception
    return self.handle_http_exception(e)
           ~~~~~~~~~~~~~~~~~~~~~~~~~~^^^
  File "C:\Users\Lily Jayne Baxendale\anaconda3\Lib\site-packages\flask\app.py", line 777, in handle_http_exception
    return self.ensure_sync(handler)(e)  # type: ignore[no-any-return]
           ~~~~~~~~~~~~~~~~~~~~~~~~~^^^
  File "C:\Users\Lily Jayne Baxendale\AppData\Local\Temp\ipykernel_20760\2561818670.py", line 313, in not_found
    return render_template("404.html"), 404
           ~~~~~~~~~~~~~~~^^^^^^^^^^^^
  File "C:\Users\Lily Jayne Baxendale\anaconda3\Lib\site-packages\flask\templating.py", line 149, in render_template
    template = app.jinja_env.get_or_select_template(template_name_or_list)
  File "C:\Users\Lily Jayne Baxendale\anaconda3\Lib\site-packages\jinja2\environment.py", line 1087, in get_or_select_template
    return self.get_template(template_name_or_list, parent, globals)
           ~~~~~~~~~~~~~~~~~^^^^^^^^^^^^^^^^^^^^^^^^^^^^^^^^^^^^^^^^
  File "C:\Users\Lily Jayne Baxendale\anaconda3\Lib\site-packages\jinja2\environment.py", line 1016, in get_template
    return self._load_template(name, globals)
           ~~~~~~~~~~~~~~~~~~~^^^^^^^^^^^^^^^
  File "C:\Users\Lily Jayne Baxendale\anaconda3\Lib\site-packages\jinja2\environment.py", line 975, in _load_template
    template = self.loader.load(self, name, self.make_globals(globals))
  File "C:\Users\Lily Jayne Baxendale\anaconda3\Lib\site-packages\jinja2\loaders.py", line 126, in load
    source, filename, uptodate = self.get_source(environment, name)
                                 ~~~~~~~~~~~~~~~^^^^^^^^^^^^^^^^^^^
  File "C:\Users\Lily Jayne Baxendale\anaconda3\Lib\site-packages\flask\templating.py", line 65, in get_source
    return self._get_source_fast(environment, template)
           ~~~~~~~~~~~~~~~~~~~~~^^^^^^^^^^^^^^^^^^^^^^^
  File "C:\Users\Lily Jayne Baxendale\anaconda3\Lib\site-packages\flask\templating.py", line 99, in _get_source_fast
    raise TemplateNotFound(template)
jinja2.exceptions.TemplateNotFound: 404.html
2025-12-04 12:42:53,303 [INFO] 127.0.0.1 - - [04/Dec/2025 12:42:53] "[35m[1mGET /favicon.ico HTTP/1.1[0m" 500 -
2025-12-04 13:03:06,957 [INFO] [31m[1mWARNING: This is a development server. Do not use it in a production deployment. Use a production WSGI server instead.[0m
 * Running on http://127.0.0.1:5000
2025-12-04 13:03:06,958 [INFO] [33mPress CTRL+C to quit[0m
2025-12-04 13:04:23,551 [INFO] [31m[1mWARNING: This is a development server. Do not use it in a production deployment. Use a production WSGI server instead.[0m
 * Running on http://127.0.0.1:5000
2025-12-04 13:04:23,553 [INFO] [33mPress CTRL+C to quit[0m
2025-12-04 13:05:23,172 [INFO] 127.0.0.1 - - [04/Dec/2025 13:05:23] "GET / HTTP/1.1" 200 -
2025-12-04 13:05:23,271 [INFO] 127.0.0.1 - - [04/Dec/2025 13:05:23] "[36mGET /static/css/homepage.css HTTP/1.1[0m" 304 -
2025-12-04 13:05:23,275 [INFO] 127.0.0.1 - - [04/Dec/2025 13:05:23] "[36mGET /static/images/graph.png HTTP/1.1[0m" 304 -
2025-12-04 13:05:23,989 [WARNING] 404 Not Found: /favicon.ico
2025-12-04 13:05:23,994 [ERROR] Exception on /favicon.ico [GET]
Traceback (most recent call last):
  File "C:\Users\Lily Jayne Baxendale\anaconda3\Lib\site-packages\flask\app.py", line 917, in full_dispatch_request
    rv = self.dispatch_request()
  File "C:\Users\Lily Jayne Baxendale\anaconda3\Lib\site-packages\flask\app.py", line 891, in dispatch_request
    self.raise_routing_exception(req)
    ~~~~~~~~~~~~~~~~~~~~~~~~~~~~^^^^^
  File "C:\Users\Lily Jayne Baxendale\anaconda3\Lib\site-packages\flask\app.py", line 500, in raise_routing_exception
    raise request.routing_exception  # type: ignore[misc]
    ^^^^^^^^^^^^^^^^^^^^^^^^^^^^^^^
  File "C:\Users\Lily Jayne Baxendale\anaconda3\Lib\site-packages\flask\ctx.py", line 362, in match_request
    result = self.url_adapter.match(return_rule=True)  # type: ignore
  File "C:\Users\Lily Jayne Baxendale\anaconda3\Lib\site-packages\werkzeug\routing\map.py", line 629, in match
    raise NotFound() from None
werkzeug.exceptions.NotFound: 404 Not Found: The requested URL was not found on the server. If you entered the URL manually please check your spelling and try again.

During handling of the above exception, another exception occurred:

Traceback (most recent call last):
  File "C:\Users\Lily Jayne Baxendale\anaconda3\Lib\site-packages\flask\app.py", line 1511, in wsgi_app
    response = self.full_dispatch_request()
  File "C:\Users\Lily Jayne Baxendale\anaconda3\Lib\site-packages\flask\app.py", line 919, in full_dispatch_request
    rv = self.handle_user_exception(e)
  File "C:\Users\Lily Jayne Baxendale\anaconda3\Lib\site-packages\flask\app.py", line 802, in handle_user_exception
    return self.handle_http_exception(e)
           ~~~~~~~~~~~~~~~~~~~~~~~~~~^^^
  File "C:\Users\Lily Jayne Baxendale\anaconda3\Lib\site-packages\flask\app.py", line 777, in handle_http_exception
    return self.ensure_sync(handler)(e)  # type: ignore[no-any-return]
           ~~~~~~~~~~~~~~~~~~~~~~~~~^^^
  File "C:\Users\Lily Jayne Baxendale\AppData\Local\Temp\ipykernel_36236\2681398836.py", line 313, in not_found
    return render_template("404.html"), 404
           ~~~~~~~~~~~~~~~^^^^^^^^^^^^
  File "C:\Users\Lily Jayne Baxendale\anaconda3\Lib\site-packages\flask\templating.py", line 149, in render_template
    template = app.jinja_env.get_or_select_template(template_name_or_list)
  File "C:\Users\Lily Jayne Baxendale\anaconda3\Lib\site-packages\jinja2\environment.py", line 1087, in get_or_select_template
    return self.get_template(template_name_or_list, parent, globals)
           ~~~~~~~~~~~~~~~~~^^^^^^^^^^^^^^^^^^^^^^^^^^^^^^^^^^^^^^^^
  File "C:\Users\Lily Jayne Baxendale\anaconda3\Lib\site-packages\jinja2\environment.py", line 1016, in get_template
    return self._load_template(name, globals)
           ~~~~~~~~~~~~~~~~~~~^^^^^^^^^^^^^^^
  File "C:\Users\Lily Jayne Baxendale\anaconda3\Lib\site-packages\jinja2\environment.py", line 975, in _load_template
    template = self.loader.load(self, name, self.make_globals(globals))
  File "C:\Users\Lily Jayne Baxendale\anaconda3\Lib\site-packages\jinja2\loaders.py", line 126, in load
    source, filename, uptodate = self.get_source(environment, name)
                                 ~~~~~~~~~~~~~~~^^^^^^^^^^^^^^^^^^^
  File "C:\Users\Lily Jayne Baxendale\anaconda3\Lib\site-packages\flask\templating.py", line 65, in get_source
    return self._get_source_fast(environment, template)
           ~~~~~~~~~~~~~~~~~~~~~^^^^^^^^^^^^^^^^^^^^^^^
  File "C:\Users\Lily Jayne Baxendale\anaconda3\Lib\site-packages\flask\templating.py", line 99, in _get_source_fast
    raise TemplateNotFound(template)
jinja2.exceptions.TemplateNotFound: 404.html
2025-12-04 13:05:24,002 [INFO] 127.0.0.1 - - [04/Dec/2025 13:05:24] "[35m[1mGET /favicon.ico HTTP/1.1[0m" 500 -
2025-12-04 13:05:25,423 [INFO] 127.0.0.1 - - [04/Dec/2025 13:05:25] "GET /login HTTP/1.1" 200 -
2025-12-04 13:05:25,452 [INFO] 127.0.0.1 - - [04/Dec/2025 13:05:25] "[36mGET /static/css/login.css HTTP/1.1[0m" 304 -
2025-12-04 13:05:25,472 [WARNING] 404 Not Found: /favicon.ico
2025-12-04 13:05:25,475 [ERROR] Exception on /favicon.ico [GET]
Traceback (most recent call last):
  File "C:\Users\Lily Jayne Baxendale\anaconda3\Lib\site-packages\flask\app.py", line 917, in full_dispatch_request
    rv = self.dispatch_request()
  File "C:\Users\Lily Jayne Baxendale\anaconda3\Lib\site-packages\flask\app.py", line 891, in dispatch_request
    self.raise_routing_exception(req)
    ~~~~~~~~~~~~~~~~~~~~~~~~~~~~^^^^^
  File "C:\Users\Lily Jayne Baxendale\anaconda3\Lib\site-packages\flask\app.py", line 500, in raise_routing_exception
    raise request.routing_exception  # type: ignore[misc]
    ^^^^^^^^^^^^^^^^^^^^^^^^^^^^^^^
  File "C:\Users\Lily Jayne Baxendale\anaconda3\Lib\site-packages\flask\ctx.py", line 362, in match_request
    result = self.url_adapter.match(return_rule=True)  # type: ignore
  File "C:\Users\Lily Jayne Baxendale\anaconda3\Lib\site-packages\werkzeug\routing\map.py", line 629, in match
    raise NotFound() from None
werkzeug.exceptions.NotFound: 404 Not Found: The requested URL was not found on the server. If you entered the URL manually please check your spelling and try again.

During handling of the above exception, another exception occurred:

Traceback (most recent call last):
  File "C:\Users\Lily Jayne Baxendale\anaconda3\Lib\site-packages\flask\app.py", line 1511, in wsgi_app
    response = self.full_dispatch_request()
  File "C:\Users\Lily Jayne Baxendale\anaconda3\Lib\site-packages\flask\app.py", line 919, in full_dispatch_request
    rv = self.handle_user_exception(e)
  File "C:\Users\Lily Jayne Baxendale\anaconda3\Lib\site-packages\flask\app.py", line 802, in handle_user_exception
    return self.handle_http_exception(e)
           ~~~~~~~~~~~~~~~~~~~~~~~~~~^^^
  File "C:\Users\Lily Jayne Baxendale\anaconda3\Lib\site-packages\flask\app.py", line 777, in handle_http_exception
    return self.ensure_sync(handler)(e)  # type: ignore[no-any-return]
           ~~~~~~~~~~~~~~~~~~~~~~~~~^^^
  File "C:\Users\Lily Jayne Baxendale\AppData\Local\Temp\ipykernel_36236\2681398836.py", line 313, in not_found
    return render_template("404.html"), 404
           ~~~~~~~~~~~~~~~^^^^^^^^^^^^
  File "C:\Users\Lily Jayne Baxendale\anaconda3\Lib\site-packages\flask\templating.py", line 149, in render_template
    template = app.jinja_env.get_or_select_template(template_name_or_list)
  File "C:\Users\Lily Jayne Baxendale\anaconda3\Lib\site-packages\jinja2\environment.py", line 1087, in get_or_select_template
    return self.get_template(template_name_or_list, parent, globals)
           ~~~~~~~~~~~~~~~~~^^^^^^^^^^^^^^^^^^^^^^^^^^^^^^^^^^^^^^^^
  File "C:\Users\Lily Jayne Baxendale\anaconda3\Lib\site-packages\jinja2\environment.py", line 1016, in get_template
    return self._load_template(name, globals)
           ~~~~~~~~~~~~~~~~~~~^^^^^^^^^^^^^^^
  File "C:\Users\Lily Jayne Baxendale\anaconda3\Lib\site-packages\jinja2\environment.py", line 975, in _load_template
    template = self.loader.load(self, name, self.make_globals(globals))
  File "C:\Users\Lily Jayne Baxendale\anaconda3\Lib\site-packages\jinja2\loaders.py", line 126, in load
    source, filename, uptodate = self.get_source(environment, name)
                                 ~~~~~~~~~~~~~~~^^^^^^^^^^^^^^^^^^^
  File "C:\Users\Lily Jayne Baxendale\anaconda3\Lib\site-packages\flask\templating.py", line 65, in get_source
    return self._get_source_fast(environment, template)
           ~~~~~~~~~~~~~~~~~~~~~^^^^^^^^^^^^^^^^^^^^^^^
  File "C:\Users\Lily Jayne Baxendale\anaconda3\Lib\site-packages\flask\templating.py", line 99, in _get_source_fast
    raise TemplateNotFound(template)
jinja2.exceptions.TemplateNotFound: 404.html
2025-12-04 13:05:25,480 [INFO] 127.0.0.1 - - [04/Dec/2025 13:05:25] "[35m[1mGET /favicon.ico HTTP/1.1[0m" 500 -
2025-12-04 13:05:41,861 [INFO] 127.0.0.1 - - [04/Dec/2025 13:05:41] "[32mPOST /login HTTP/1.1[0m" 302 -
2025-12-04 13:05:41,875 [INFO] 127.0.0.1 - - [04/Dec/2025 13:05:41] "[32mGET /dashboard HTTP/1.1[0m" 302 -
2025-12-04 13:05:41,889 [INFO] 127.0.0.1 - - [04/Dec/2025 13:05:41] "GET /admin_dashboard HTTP/1.1" 200 -
2025-12-04 13:05:41,922 [INFO] 127.0.0.1 - - [04/Dec/2025 13:05:41] "GET /static/css/dashboard.css HTTP/1.1" 200 -
2025-12-04 13:05:41,935 [WARNING] 404 Not Found: /favicon.ico
2025-12-04 13:05:41,939 [ERROR] Exception on /favicon.ico [GET]
Traceback (most recent call last):
  File "C:\Users\Lily Jayne Baxendale\anaconda3\Lib\site-packages\flask\app.py", line 917, in full_dispatch_request
    rv = self.dispatch_request()
  File "C:\Users\Lily Jayne Baxendale\anaconda3\Lib\site-packages\flask\app.py", line 891, in dispatch_request
    self.raise_routing_exception(req)
    ~~~~~~~~~~~~~~~~~~~~~~~~~~~~^^^^^
  File "C:\Users\Lily Jayne Baxendale\anaconda3\Lib\site-packages\flask\app.py", line 500, in raise_routing_exception
    raise request.routing_exception  # type: ignore[misc]
    ^^^^^^^^^^^^^^^^^^^^^^^^^^^^^^^
  File "C:\Users\Lily Jayne Baxendale\anaconda3\Lib\site-packages\flask\ctx.py", line 362, in match_request
    result = self.url_adapter.match(return_rule=True)  # type: ignore
  File "C:\Users\Lily Jayne Baxendale\anaconda3\Lib\site-packages\werkzeug\routing\map.py", line 629, in match
    raise NotFound() from None
werkzeug.exceptions.NotFound: 404 Not Found: The requested URL was not found on the server. If you entered the URL manually please check your spelling and try again.

During handling of the above exception, another exception occurred:

Traceback (most recent call last):
  File "C:\Users\Lily Jayne Baxendale\anaconda3\Lib\site-packages\flask\app.py", line 1511, in wsgi_app
    response = self.full_dispatch_request()
  File "C:\Users\Lily Jayne Baxendale\anaconda3\Lib\site-packages\flask\app.py", line 919, in full_dispatch_request
    rv = self.handle_user_exception(e)
  File "C:\Users\Lily Jayne Baxendale\anaconda3\Lib\site-packages\flask\app.py", line 802, in handle_user_exception
    return self.handle_http_exception(e)
           ~~~~~~~~~~~~~~~~~~~~~~~~~~^^^
  File "C:\Users\Lily Jayne Baxendale\anaconda3\Lib\site-packages\flask\app.py", line 777, in handle_http_exception
    return self.ensure_sync(handler)(e)  # type: ignore[no-any-return]
           ~~~~~~~~~~~~~~~~~~~~~~~~~^^^
  File "C:\Users\Lily Jayne Baxendale\AppData\Local\Temp\ipykernel_36236\2681398836.py", line 313, in not_found
    return render_template("404.html"), 404
           ~~~~~~~~~~~~~~~^^^^^^^^^^^^
  File "C:\Users\Lily Jayne Baxendale\anaconda3\Lib\site-packages\flask\templating.py", line 149, in render_template
    template = app.jinja_env.get_or_select_template(template_name_or_list)
  File "C:\Users\Lily Jayne Baxendale\anaconda3\Lib\site-packages\jinja2\environment.py", line 1087, in get_or_select_template
    return self.get_template(template_name_or_list, parent, globals)
           ~~~~~~~~~~~~~~~~~^^^^^^^^^^^^^^^^^^^^^^^^^^^^^^^^^^^^^^^^
  File "C:\Users\Lily Jayne Baxendale\anaconda3\Lib\site-packages\jinja2\environment.py", line 1016, in get_template
    return self._load_template(name, globals)
           ~~~~~~~~~~~~~~~~~~~^^^^^^^^^^^^^^^
  File "C:\Users\Lily Jayne Baxendale\anaconda3\Lib\site-packages\jinja2\environment.py", line 975, in _load_template
    template = self.loader.load(self, name, self.make_globals(globals))
  File "C:\Users\Lily Jayne Baxendale\anaconda3\Lib\site-packages\jinja2\loaders.py", line 126, in load
    source, filename, uptodate = self.get_source(environment, name)
                                 ~~~~~~~~~~~~~~~^^^^^^^^^^^^^^^^^^^
  File "C:\Users\Lily Jayne Baxendale\anaconda3\Lib\site-packages\flask\templating.py", line 65, in get_source
    return self._get_source_fast(environment, template)
           ~~~~~~~~~~~~~~~~~~~~~^^^^^^^^^^^^^^^^^^^^^^^
  File "C:\Users\Lily Jayne Baxendale\anaconda3\Lib\site-packages\flask\templating.py", line 99, in _get_source_fast
    raise TemplateNotFound(template)
jinja2.exceptions.TemplateNotFound: 404.html
2025-12-04 13:05:41,944 [INFO] 127.0.0.1 - - [04/Dec/2025 13:05:41] "[35m[1mGET /favicon.ico HTTP/1.1[0m" 500 -
2025-12-04 13:05:45,974 [INFO] 127.0.0.1 - - [04/Dec/2025 13:05:45] "[32mGET /logout HTTP/1.1[0m" 302 -
2025-12-04 13:05:45,982 [INFO] 127.0.0.1 - - [04/Dec/2025 13:05:45] "GET /login HTTP/1.1" 200 -
2025-12-04 13:05:46,012 [INFO] 127.0.0.1 - - [04/Dec/2025 13:05:46] "[36mGET /static/css/login.css HTTP/1.1[0m" 304 -
2025-12-04 13:05:46,027 [WARNING] 404 Not Found: /favicon.ico
2025-12-04 13:05:46,030 [ERROR] Exception on /favicon.ico [GET]
Traceback (most recent call last):
  File "C:\Users\Lily Jayne Baxendale\anaconda3\Lib\site-packages\flask\app.py", line 917, in full_dispatch_request
    rv = self.dispatch_request()
  File "C:\Users\Lily Jayne Baxendale\anaconda3\Lib\site-packages\flask\app.py", line 891, in dispatch_request
    self.raise_routing_exception(req)
    ~~~~~~~~~~~~~~~~~~~~~~~~~~~~^^^^^
  File "C:\Users\Lily Jayne Baxendale\anaconda3\Lib\site-packages\flask\app.py", line 500, in raise_routing_exception
    raise request.routing_exception  # type: ignore[misc]
    ^^^^^^^^^^^^^^^^^^^^^^^^^^^^^^^
  File "C:\Users\Lily Jayne Baxendale\anaconda3\Lib\site-packages\flask\ctx.py", line 362, in match_request
    result = self.url_adapter.match(return_rule=True)  # type: ignore
  File "C:\Users\Lily Jayne Baxendale\anaconda3\Lib\site-packages\werkzeug\routing\map.py", line 629, in match
    raise NotFound() from None
werkzeug.exceptions.NotFound: 404 Not Found: The requested URL was not found on the server. If you entered the URL manually please check your spelling and try again.

During handling of the above exception, another exception occurred:

Traceback (most recent call last):
  File "C:\Users\Lily Jayne Baxendale\anaconda3\Lib\site-packages\flask\app.py", line 1511, in wsgi_app
    response = self.full_dispatch_request()
  File "C:\Users\Lily Jayne Baxendale\anaconda3\Lib\site-packages\flask\app.py", line 919, in full_dispatch_request
    rv = self.handle_user_exception(e)
  File "C:\Users\Lily Jayne Baxendale\anaconda3\Lib\site-packages\flask\app.py", line 802, in handle_user_exception
    return self.handle_http_exception(e)
           ~~~~~~~~~~~~~~~~~~~~~~~~~~^^^
  File "C:\Users\Lily Jayne Baxendale\anaconda3\Lib\site-packages\flask\app.py", line 777, in handle_http_exception
    return self.ensure_sync(handler)(e)  # type: ignore[no-any-return]
           ~~~~~~~~~~~~~~~~~~~~~~~~~^^^
  File "C:\Users\Lily Jayne Baxendale\AppData\Local\Temp\ipykernel_36236\2681398836.py", line 313, in not_found
    return render_template("404.html"), 404
           ~~~~~~~~~~~~~~~^^^^^^^^^^^^
  File "C:\Users\Lily Jayne Baxendale\anaconda3\Lib\site-packages\flask\templating.py", line 149, in render_template
    template = app.jinja_env.get_or_select_template(template_name_or_list)
  File "C:\Users\Lily Jayne Baxendale\anaconda3\Lib\site-packages\jinja2\environment.py", line 1087, in get_or_select_template
    return self.get_template(template_name_or_list, parent, globals)
           ~~~~~~~~~~~~~~~~~^^^^^^^^^^^^^^^^^^^^^^^^^^^^^^^^^^^^^^^^
  File "C:\Users\Lily Jayne Baxendale\anaconda3\Lib\site-packages\jinja2\environment.py", line 1016, in get_template
    return self._load_template(name, globals)
           ~~~~~~~~~~~~~~~~~~~^^^^^^^^^^^^^^^
  File "C:\Users\Lily Jayne Baxendale\anaconda3\Lib\site-packages\jinja2\environment.py", line 975, in _load_template
    template = self.loader.load(self, name, self.make_globals(globals))
  File "C:\Users\Lily Jayne Baxendale\anaconda3\Lib\site-packages\jinja2\loaders.py", line 126, in load
    source, filename, uptodate = self.get_source(environment, name)
                                 ~~~~~~~~~~~~~~~^^^^^^^^^^^^^^^^^^^
  File "C:\Users\Lily Jayne Baxendale\anaconda3\Lib\site-packages\flask\templating.py", line 65, in get_source
    return self._get_source_fast(environment, template)
           ~~~~~~~~~~~~~~~~~~~~~^^^^^^^^^^^^^^^^^^^^^^^
  File "C:\Users\Lily Jayne Baxendale\anaconda3\Lib\site-packages\flask\templating.py", line 99, in _get_source_fast
    raise TemplateNotFound(template)
jinja2.exceptions.TemplateNotFound: 404.html
2025-12-04 13:05:46,033 [INFO] 127.0.0.1 - - [04/Dec/2025 13:05:46] "[35m[1mGET /favicon.ico HTTP/1.1[0m" 500 -
2025-12-06 16:19:03,644 [INFO] [31m[1mWARNING: This is a development server. Do not use it in a production deployment. Use a production WSGI server instead.[0m
 * Running on http://127.0.0.1:5000
2025-12-06 16:19:03,646 [INFO] [33mPress CTRL+C to quit[0m
2025-12-06 16:19:10,531 [INFO] 127.0.0.1 - - [06/Dec/2025 16:19:10] "GET / HTTP/1.1" 200 -
2025-12-06 16:19:10,654 [INFO] 127.0.0.1 - - [06/Dec/2025 16:19:10] "GET /static/css/homepage.css HTTP/1.1" 200 -
2025-12-06 16:19:10,656 [INFO] 127.0.0.1 - - [06/Dec/2025 16:19:10] "GET /static/images/graph.png HTTP/1.1" 200 -
2025-12-06 16:19:12,981 [INFO] 127.0.0.1 - - [06/Dec/2025 16:19:12] "GET /login HTTP/1.1" 200 -
2025-12-06 16:19:13,012 [INFO] 127.0.0.1 - - [06/Dec/2025 16:19:13] "GET /static/css/login.css HTTP/1.1" 200 -
2025-12-06 16:19:20,860 [INFO] 127.0.0.1 - - [06/Dec/2025 16:19:20] "[32mPOST /login HTTP/1.1[0m" 302 -
2025-12-06 16:19:20,873 [INFO] 127.0.0.1 - - [06/Dec/2025 16:19:20] "[32mGET /dashboard HTTP/1.1[0m" 302 -
2025-12-06 16:19:20,893 [INFO] 127.0.0.1 - - [06/Dec/2025 16:19:20] "GET /admin_dashboard HTTP/1.1" 200 -
2025-12-06 16:19:20,930 [INFO] 127.0.0.1 - - [06/Dec/2025 16:19:20] "GET /static/css/dashboard.css HTTP/1.1" 200 -
2025-12-06 16:19:22,827 [INFO] 127.0.0.1 - - [06/Dec/2025 16:19:22] "GET /view_doctors HTTP/1.1" 200 -
2025-12-06 16:19:22,856 [INFO] 127.0.0.1 - - [06/Dec/2025 16:19:22] "GET /static/css/doctors.css HTTP/1.1" 200 -
2025-12-06 16:19:41,184 [INFO] 127.0.0.1 - - [06/Dec/2025 16:19:41] "[32mGET /logout HTTP/1.1[0m" 302 -
2025-12-06 16:19:41,195 [INFO] 127.0.0.1 - - [06/Dec/2025 16:19:41] "GET /login HTTP/1.1" 200 -
2025-12-06 16:19:41,226 [INFO] 127.0.0.1 - - [06/Dec/2025 16:19:41] "[36mGET /static/css/login.css HTTP/1.1[0m" 304 -
2025-12-06 16:19:58,187 [INFO] 127.0.0.1 - - [06/Dec/2025 16:19:58] "[32mPOST /login HTTP/1.1[0m" 302 -
2025-12-06 16:19:58,204 [INFO] 127.0.0.1 - - [06/Dec/2025 16:19:58] "GET /dashboard HTTP/1.1" 200 -
2025-12-06 16:19:58,237 [INFO] 127.0.0.1 - - [06/Dec/2025 16:19:58] "[36mGET /static/css/dashboard.css HTTP/1.1[0m" 304 -
2025-12-06 16:20:06,618 [INFO] 127.0.0.1 - - [06/Dec/2025 16:20:06] "GET /view_reports HTTP/1.1" 200 -
2025-12-06 16:20:06,652 [INFO] 127.0.0.1 - - [06/Dec/2025 16:20:06] "GET /static/css/view_reports.css HTTP/1.1" 200 -
2025-12-06 16:20:14,367 [INFO] 127.0.0.1 - - [06/Dec/2025 16:20:14] "GET /create_report HTTP/1.1" 200 -
2025-12-06 16:20:14,396 [INFO] 127.0.0.1 - - [06/Dec/2025 16:20:14] "GET /static/css/create_report.css HTTP/1.1" 200 -
2025-12-06 16:20:18,610 [INFO] 127.0.0.1 - - [06/Dec/2025 16:20:18] "GET /dashboard HTTP/1.1" 200 -
2025-12-06 16:20:18,642 [INFO] 127.0.0.1 - - [06/Dec/2025 16:20:18] "[36mGET /static/css/dashboard.css HTTP/1.1[0m" 304 -
2025-12-06 16:20:24,680 [INFO] 127.0.0.1 - - [06/Dec/2025 16:20:24] "GET /view_reports HTTP/1.1" 200 -
2025-12-06 16:20:24,712 [INFO] 127.0.0.1 - - [06/Dec/2025 16:20:24] "[36mGET /static/css/view_reports.css HTTP/1.1[0m" 304 -
2025-12-06 16:20:32,137 [INFO] 127.0.0.1 - - [06/Dec/2025 16:20:32] "GET /edit_report/MR-112 HTTP/1.1" 200 -
2025-12-06 16:20:32,172 [INFO] 127.0.0.1 - - [06/Dec/2025 16:20:32] "GET /static/css/edit_report.css HTTP/1.1" 200 -
2025-12-06 16:20:42,481 [INFO] 127.0.0.1 - - [06/Dec/2025 16:20:42] "GET /dashboard HTTP/1.1" 200 -
2025-12-06 16:20:42,513 [INFO] 127.0.0.1 - - [06/Dec/2025 16:20:42] "[36mGET /static/css/dashboard.css HTTP/1.1[0m" 304 -
2025-12-10 23:56:18,406 [INFO] [31m[1mWARNING: This is a development server. Do not use it in a production deployment. Use a production WSGI server instead.[0m
 * Running on http://127.0.0.1:5000
2025-12-10 23:56:18,407 [INFO] [33mPress CTRL+C to quit[0m
2025-12-10 23:56:29,232 [INFO] 127.0.0.1 - - [10/Dec/2025 23:56:29] "GET / HTTP/1.1" 200 -
2025-12-10 23:56:29,374 [INFO] 127.0.0.1 - - [10/Dec/2025 23:56:29] "GET /static/images/MediCare_.png HTTP/1.1" 200 -
2025-12-10 23:56:29,380 [INFO] 127.0.0.1 - - [10/Dec/2025 23:56:29] "GET /static/css/homepage.css HTTP/1.1" 200 -
2025-12-10 23:56:29,383 [INFO] 127.0.0.1 - - [10/Dec/2025 23:56:29] "GET /static/images/graph.png HTTP/1.1" 200 -
2025-12-10 23:56:32,006 [INFO] 127.0.0.1 - - [10/Dec/2025 23:56:32] "GET /about HTTP/1.1" 200 -
2025-12-10 23:56:32,032 [INFO] 127.0.0.1 - - [10/Dec/2025 23:56:32] "GET /static/css/about.css HTTP/1.1" 200 -
2025-12-10 23:56:32,035 [INFO] 127.0.0.1 - - [10/Dec/2025 23:56:32] "[36mGET /static/images/MediCare_.png HTTP/1.1[0m" 304 -
2025-12-10 23:56:37,197 [INFO] 127.0.0.1 - - [10/Dec/2025 23:56:37] "GET /login HTTP/1.1" 200 -
2025-12-10 23:56:37,223 [INFO] 127.0.0.1 - - [10/Dec/2025 23:56:37] "GET /static/css/login.css HTTP/1.1" 200 -
2025-12-10 23:56:37,226 [INFO] 127.0.0.1 - - [10/Dec/2025 23:56:37] "[36mGET /static/images/MediCare_.png HTTP/1.1[0m" 304 -
2025-12-10 23:56:39,260 [INFO] 127.0.0.1 - - [10/Dec/2025 23:56:39] "GET /register HTTP/1.1" 200 -
2025-12-10 23:56:39,286 [INFO] 127.0.0.1 - - [10/Dec/2025 23:56:39] "GET /static/css/registerform.css HTTP/1.1" 200 -
2025-12-10 23:56:39,289 [INFO] 127.0.0.1 - - [10/Dec/2025 23:56:39] "[36mGET /static/images/MediCare_.png HTTP/1.1[0m" 304 -
2025-12-10 23:57:10,604 [INFO] 127.0.0.1 - - [10/Dec/2025 23:57:10] "[32mPOST /register HTTP/1.1[0m" 302 -
2025-12-10 23:57:10,614 [INFO] 127.0.0.1 - - [10/Dec/2025 23:57:10] "GET /success HTTP/1.1" 200 -
2025-12-10 23:57:10,646 [INFO] 127.0.0.1 - - [10/Dec/2025 23:57:10] "GET /static/css/registersuccess.css HTTP/1.1" 200 -
2025-12-10 23:57:10,652 [INFO] 127.0.0.1 - - [10/Dec/2025 23:57:10] "[36mGET /static/images/MediCare_.png HTTP/1.1[0m" 304 -
2025-12-10 23:57:19,306 [INFO] 127.0.0.1 - - [10/Dec/2025 23:57:19] "GET / HTTP/1.1" 200 -
2025-12-10 23:57:19,333 [INFO] 127.0.0.1 - - [10/Dec/2025 23:57:19] "[36mGET /static/css/homepage.css HTTP/1.1[0m" 304 -
2025-12-10 23:57:19,335 [INFO] 127.0.0.1 - - [10/Dec/2025 23:57:19] "[36mGET /static/images/MediCare_.png HTTP/1.1[0m" 304 -
2025-12-10 23:57:19,338 [INFO] 127.0.0.1 - - [10/Dec/2025 23:57:19] "[36mGET /static/images/graph.png HTTP/1.1[0m" 304 -
2025-12-10 23:57:20,424 [INFO] 127.0.0.1 - - [10/Dec/2025 23:57:20] "GET /login HTTP/1.1" 200 -
2025-12-10 23:57:20,450 [INFO] 127.0.0.1 - - [10/Dec/2025 23:57:20] "[36mGET /static/css/login.css HTTP/1.1[0m" 304 -
2025-12-10 23:57:20,453 [INFO] 127.0.0.1 - - [10/Dec/2025 23:57:20] "[36mGET /static/images/MediCare_.png HTTP/1.1[0m" 304 -
2025-12-10 23:57:29,814 [INFO] 127.0.0.1 - - [10/Dec/2025 23:57:29] "[32mPOST /login HTTP/1.1[0m" 302 -
2025-12-10 23:57:29,829 [INFO] 127.0.0.1 - - [10/Dec/2025 23:57:29] "GET /dashboard HTTP/1.1" 200 -
2025-12-10 23:57:29,864 [INFO] 127.0.0.1 - - [10/Dec/2025 23:57:29] "GET /static/css/dashboard.css HTTP/1.1" 200 -
2025-12-10 23:57:29,867 [INFO] 127.0.0.1 - - [10/Dec/2025 23:57:29] "[36mGET /static/images/MediCare_.png HTTP/1.1[0m" 304 -
2025-12-11 00:00:02,856 [INFO] 127.0.0.1 - - [11/Dec/2025 00:00:02] "GET /dashboard HTTP/1.1" 200 -
2025-12-11 00:00:02,886 [INFO] 127.0.0.1 - - [11/Dec/2025 00:00:02] "GET /static/css/dashboard.css HTTP/1.1" 200 -
2025-12-11 00:00:02,889 [INFO] 127.0.0.1 - - [11/Dec/2025 00:00:02] "[36mGET /static/images/MediCare_.png HTTP/1.1[0m" 304 -
2025-12-11 00:00:22,508 [INFO] 127.0.0.1 - - [11/Dec/2025 00:00:22] "GET /view_reports HTTP/1.1" 200 -
2025-12-11 00:00:22,532 [INFO] 127.0.0.1 - - [11/Dec/2025 00:00:22] "GET /static/css/view_reports.css HTTP/1.1" 200 -
2025-12-11 00:00:22,535 [INFO] 127.0.0.1 - - [11/Dec/2025 00:00:22] "[36mGET /static/images/MediCare_.png HTTP/1.1[0m" 304 -
2025-12-11 00:00:31,742 [INFO] 127.0.0.1 - - [11/Dec/2025 00:00:31] "GET /view_patients HTTP/1.1" 200 -
2025-12-11 00:00:31,767 [INFO] 127.0.0.1 - - [11/Dec/2025 00:00:31] "GET /static/css/view_patients.css HTTP/1.1" 200 -
2025-12-11 00:00:31,771 [INFO] 127.0.0.1 - - [11/Dec/2025 00:00:31] "[36mGET /static/images/MediCare_.png HTTP/1.1[0m" 304 -
2025-12-11 00:00:38,482 [INFO] 127.0.0.1 - - [11/Dec/2025 00:00:38] "GET /view_patients?search=99 HTTP/1.1" 200 -
2025-12-11 00:00:38,510 [INFO] 127.0.0.1 - - [11/Dec/2025 00:00:38] "[36mGET /static/css/view_patients.css HTTP/1.1[0m" 304 -
2025-12-11 00:00:38,514 [INFO] 127.0.0.1 - - [11/Dec/2025 00:00:38] "[36mGET /static/images/MediCare_.png HTTP/1.1[0m" 304 -
2025-12-11 00:00:40,810 [INFO] 127.0.0.1 - - [11/Dec/2025 00:00:40] "GET /view_patients?page=2&search=99 HTTP/1.1" 200 -
2025-12-11 00:00:40,836 [INFO] 127.0.0.1 - - [11/Dec/2025 00:00:40] "[36mGET /static/css/view_patients.css HTTP/1.1[0m" 304 -
2025-12-11 00:00:40,840 [INFO] 127.0.0.1 - - [11/Dec/2025 00:00:40] "[36mGET /static/images/MediCare_.png HTTP/1.1[0m" 304 -
2025-12-11 00:00:42,483 [INFO] 127.0.0.1 - - [11/Dec/2025 00:00:42] "GET /view_patients HTTP/1.1" 200 -
2025-12-11 00:00:42,511 [INFO] 127.0.0.1 - - [11/Dec/2025 00:00:42] "[36mGET /static/css/view_patients.css HTTP/1.1[0m" 304 -
2025-12-11 00:00:42,515 [INFO] 127.0.0.1 - - [11/Dec/2025 00:00:42] "[36mGET /static/images/MediCare_.png HTTP/1.1[0m" 304 -
2025-12-11 00:00:51,344 [INFO] 127.0.0.1 - - [11/Dec/2025 00:00:51] "GET /view_reports HTTP/1.1" 200 -
2025-12-11 00:00:51,374 [INFO] 127.0.0.1 - - [11/Dec/2025 00:00:51] "[36mGET /static/css/view_reports.css HTTP/1.1[0m" 304 -
2025-12-11 00:00:51,378 [INFO] 127.0.0.1 - - [11/Dec/2025 00:00:51] "[36mGET /static/images/MediCare_.png HTTP/1.1[0m" 304 -
2025-12-11 00:01:00,961 [INFO] 127.0.0.1 - - [11/Dec/2025 00:01:00] "GET /edit_report/MR-112 HTTP/1.1" 200 -
2025-12-11 00:01:00,994 [INFO] 127.0.0.1 - - [11/Dec/2025 00:01:00] "GET /static/css/edit_report.css HTTP/1.1" 200 -
2025-12-11 00:01:00,998 [INFO] 127.0.0.1 - - [11/Dec/2025 00:01:00] "[36mGET /static/images/MediCare_.png HTTP/1.1[0m" 304 -
2025-12-11 00:01:19,190 [INFO] 127.0.0.1 - - [11/Dec/2025 00:01:19] "GET /create_report HTTP/1.1" 200 -
2025-12-11 00:01:19,214 [INFO] 127.0.0.1 - - [11/Dec/2025 00:01:19] "GET /static/css/create_report.css HTTP/1.1" 200 -
2025-12-11 00:01:19,221 [INFO] 127.0.0.1 - - [11/Dec/2025 00:01:19] "[36mGET /static/images/MediCare_.png HTTP/1.1[0m" 304 -
2025-12-11 00:01:43,636 [INFO] 127.0.0.1 - - [11/Dec/2025 00:01:43] "[32mPOST /create_report HTTP/1.1[0m" 302 -
2025-12-11 00:01:43,647 [INFO] 127.0.0.1 - - [11/Dec/2025 00:01:43] "GET /dashboard HTTP/1.1" 200 -
2025-12-11 00:01:43,678 [INFO] 127.0.0.1 - - [11/Dec/2025 00:01:43] "[36mGET /static/css/dashboard.css HTTP/1.1[0m" 304 -
2025-12-11 00:01:43,681 [INFO] 127.0.0.1 - - [11/Dec/2025 00:01:43] "[36mGET /static/images/MediCare_.png HTTP/1.1[0m" 304 -
2025-12-11 00:01:51,102 [INFO] 127.0.0.1 - - [11/Dec/2025 00:01:51] "GET /view_reports HTTP/1.1" 200 -
2025-12-11 00:01:51,130 [INFO] 127.0.0.1 - - [11/Dec/2025 00:01:51] "[36mGET /static/css/view_reports.css HTTP/1.1[0m" 304 -
2025-12-11 00:01:51,133 [INFO] 127.0.0.1 - - [11/Dec/2025 00:01:51] "[36mGET /static/images/MediCare_.png HTTP/1.1[0m" 304 -
2025-12-11 00:01:59,574 [INFO] 127.0.0.1 - - [11/Dec/2025 00:01:59] "GET /edit_report/MR-113 HTTP/1.1" 200 -
2025-12-11 00:01:59,605 [INFO] 127.0.0.1 - - [11/Dec/2025 00:01:59] "[36mGET /static/css/edit_report.css HTTP/1.1[0m" 304 -
2025-12-11 00:01:59,609 [INFO] 127.0.0.1 - - [11/Dec/2025 00:01:59] "[36mGET /static/images/MediCare_.png HTTP/1.1[0m" 304 -
2025-12-11 00:02:18,483 [INFO] 127.0.0.1 - - [11/Dec/2025 00:02:18] "[32mPOST /edit_report/MR-113 HTTP/1.1[0m" 302 -
2025-12-11 00:02:25,463 [INFO] 127.0.0.1 - - [11/Dec/2025 00:02:25] "GET /view_reports HTTP/1.1" 200 -
2025-12-11 00:02:25,495 [INFO] 127.0.0.1 - - [11/Dec/2025 00:02:25] "[36mGET /static/css/view_reports.css HTTP/1.1[0m" 304 -
2025-12-11 00:02:25,497 [INFO] 127.0.0.1 - - [11/Dec/2025 00:02:25] "[36mGET /static/images/MediCare_.png HTTP/1.1[0m" 304 -
2025-12-11 00:02:37,312 [INFO] 127.0.0.1 - - [11/Dec/2025 00:02:37] "[32mGET /logout HTTP/1.1[0m" 302 -
2025-12-11 00:02:37,323 [INFO] 127.0.0.1 - - [11/Dec/2025 00:02:37] "GET /login HTTP/1.1" 200 -
2025-12-11 00:02:37,349 [INFO] 127.0.0.1 - - [11/Dec/2025 00:02:37] "[36mGET /static/css/login.css HTTP/1.1[0m" 304 -
2025-12-11 00:02:37,352 [INFO] 127.0.0.1 - - [11/Dec/2025 00:02:37] "[36mGET /static/images/MediCare_.png HTTP/1.1[0m" 304 -
2025-12-11 00:02:53,118 [INFO] 127.0.0.1 - - [11/Dec/2025 00:02:53] "[32mPOST /login HTTP/1.1[0m" 302 -
2025-12-11 00:02:53,128 [INFO] 127.0.0.1 - - [11/Dec/2025 00:02:53] "GET /dashboard HTTP/1.1" 200 -
2025-12-11 00:02:53,159 [INFO] 127.0.0.1 - - [11/Dec/2025 00:02:53] "[36mGET /static/css/dashboard.css HTTP/1.1[0m" 304 -
2025-12-11 00:02:53,162 [INFO] 127.0.0.1 - - [11/Dec/2025 00:02:53] "[36mGET /static/images/MediCare_.png HTTP/1.1[0m" 304 -
2025-12-11 00:02:59,868 [INFO] 127.0.0.1 - - [11/Dec/2025 00:02:59] "GET /view_reports HTTP/1.1" 200 -
2025-12-11 00:02:59,896 [INFO] 127.0.0.1 - - [11/Dec/2025 00:02:59] "[36mGET /static/css/view_reports.css HTTP/1.1[0m" 304 -
2025-12-11 00:02:59,900 [INFO] 127.0.0.1 - - [11/Dec/2025 00:02:59] "[36mGET /static/images/MediCare_.png HTTP/1.1[0m" 304 -
2025-12-11 00:03:07,300 [INFO] 127.0.0.1 - - [11/Dec/2025 00:03:07] "[32mPOST /delete_report/MR-113 HTTP/1.1[0m" 302 -
2025-12-11 00:03:11,970 [INFO] 127.0.0.1 - - [11/Dec/2025 00:03:11] "GET /view_reports HTTP/1.1" 200 -
2025-12-11 00:03:12,008 [INFO] 127.0.0.1 - - [11/Dec/2025 00:03:12] "[36mGET /static/css/view_reports.css HTTP/1.1[0m" 304 -
2025-12-11 00:03:12,010 [INFO] 127.0.0.1 - - [11/Dec/2025 00:03:12] "[36mGET /static/images/MediCare_.png HTTP/1.1[0m" 304 -
2025-12-11 00:03:15,048 [INFO] 127.0.0.1 - - [11/Dec/2025 00:03:15] "[32mGET /logout HTTP/1.1[0m" 302 -
2025-12-11 00:03:15,058 [INFO] 127.0.0.1 - - [11/Dec/2025 00:03:15] "GET /login HTTP/1.1" 200 -
2025-12-11 00:03:15,085 [INFO] 127.0.0.1 - - [11/Dec/2025 00:03:15] "[36mGET /static/css/login.css HTTP/1.1[0m" 304 -
2025-12-11 00:03:15,089 [INFO] 127.0.0.1 - - [11/Dec/2025 00:03:15] "[36mGET /static/images/MediCare_.png HTTP/1.1[0m" 304 -
2025-12-11 00:03:23,561 [INFO] 127.0.0.1 - - [11/Dec/2025 00:03:23] "[32mPOST /login HTTP/1.1[0m" 302 -
2025-12-11 00:03:23,570 [INFO] 127.0.0.1 - - [11/Dec/2025 00:03:23] "[32mGET /dashboard HTTP/1.1[0m" 302 -
2025-12-11 00:03:23,580 [INFO] 127.0.0.1 - - [11/Dec/2025 00:03:23] "GET /admin_dashboard HTTP/1.1" 200 -
2025-12-11 00:03:23,611 [INFO] 127.0.0.1 - - [11/Dec/2025 00:03:23] "[36mGET /static/css/dashboard.css HTTP/1.1[0m" 304 -
2025-12-11 00:03:23,615 [INFO] 127.0.0.1 - - [11/Dec/2025 00:03:23] "[36mGET /static/images/MediCare_.png HTTP/1.1[0m" 304 -
2025-12-11 00:03:25,871 [INFO] 127.0.0.1 - - [11/Dec/2025 00:03:25] "GET /view_doctors HTTP/1.1" 200 -
2025-12-11 00:03:25,899 [INFO] 127.0.0.1 - - [11/Dec/2025 00:03:25] "GET /static/css/doctors.css HTTP/1.1" 200 -
2025-12-11 00:03:25,901 [INFO] 127.0.0.1 - - [11/Dec/2025 00:03:25] "[36mGET /static/images/MediCare_.png HTTP/1.1[0m" 304 -
2025-12-11 00:04:21,340 [INFO] 127.0.0.1 - - [11/Dec/2025 00:04:21] "GET /view_doctors HTTP/1.1" 200 -
2025-12-11 00:04:21,366 [INFO] 127.0.0.1 - - [11/Dec/2025 00:04:21] "GET /static/css/doctors.css HTTP/1.1" 200 -
2025-12-11 00:04:21,370 [INFO] 127.0.0.1 - - [11/Dec/2025 00:04:21] "[36mGET /static/images/MediCare_.png HTTP/1.1[0m" 304 -
2025-12-11 00:04:25,777 [INFO] 127.0.0.1 - - [11/Dec/2025 00:04:25] "GET /view_doctors/11/edit HTTP/1.1" 200 -
2025-12-11 00:04:25,799 [INFO] 127.0.0.1 - - [11/Dec/2025 00:04:25] "GET /static/css/edit_users.css HTTP/1.1" 200 -
2025-12-11 00:04:25,802 [INFO] 127.0.0.1 - - [11/Dec/2025 00:04:25] "[36mGET /static/images/MediCare_.png HTTP/1.1[0m" 304 -
2025-12-11 00:04:42,175 [INFO] 127.0.0.1 - - [11/Dec/2025 00:04:42] "[32mPOST /view_doctors/11/edit HTTP/1.1[0m" 302 -
2025-12-11 00:04:42,184 [INFO] 127.0.0.1 - - [11/Dec/2025 00:04:42] "GET /view_doctors HTTP/1.1" 200 -
2025-12-11 00:04:42,215 [INFO] 127.0.0.1 - - [11/Dec/2025 00:04:42] "[36mGET /static/css/doctors.css HTTP/1.1[0m" 304 -
2025-12-11 00:04:42,217 [INFO] 127.0.0.1 - - [11/Dec/2025 00:04:42] "[36mGET /static/images/MediCare_.png HTTP/1.1[0m" 304 -
2025-12-11 00:04:49,332 [INFO] 127.0.0.1 - - [11/Dec/2025 00:04:49] "[32mPOST /view_doctors/11/delete HTTP/1.1[0m" 302 -
2025-12-11 00:04:49,342 [INFO] 127.0.0.1 - - [11/Dec/2025 00:04:49] "GET /view_doctors HTTP/1.1" 200 -
2025-12-11 00:04:49,376 [INFO] 127.0.0.1 - - [11/Dec/2025 00:04:49] "[36mGET /static/css/doctors.css HTTP/1.1[0m" 304 -
2025-12-11 00:04:49,379 [INFO] 127.0.0.1 - - [11/Dec/2025 00:04:49] "[36mGET /static/images/MediCare_.png HTTP/1.1[0m" 304 -
2025-12-11 00:05:08,437 [INFO] 127.0.0.1 - - [11/Dec/2025 00:05:08] "GET /admin_dashboard HTTP/1.1" 200 -
2025-12-11 00:05:08,464 [INFO] 127.0.0.1 - - [11/Dec/2025 00:05:08] "[36mGET /static/css/dashboard.css HTTP/1.1[0m" 304 -
2025-12-11 00:05:08,469 [INFO] 127.0.0.1 - - [11/Dec/2025 00:05:08] "[36mGET /static/images/MediCare_.png HTTP/1.1[0m" 304 -
2025-12-11 00:05:10,180 [INFO] 127.0.0.1 - - [11/Dec/2025 00:05:10] "[32mGET /logout HTTP/1.1[0m" 302 -
2025-12-11 00:05:10,188 [INFO] 127.0.0.1 - - [11/Dec/2025 00:05:10] "GET /login HTTP/1.1" 200 -
2025-12-11 00:05:10,216 [INFO] 127.0.0.1 - - [11/Dec/2025 00:05:10] "[36mGET /static/css/login.css HTTP/1.1[0m" 304 -
2025-12-11 00:05:10,220 [INFO] 127.0.0.1 - - [11/Dec/2025 00:05:10] "[36mGET /static/images/MediCare_.png HTTP/1.1[0m" 304 -
2025-12-11 01:50:17,630 [INFO] [31m[1mWARNING: This is a development server. Do not use it in a production deployment. Use a production WSGI server instead.[0m
 * Running on http://127.0.0.1:5000
2025-12-11 01:50:17,631 [INFO] [33mPress CTRL+C to quit[0m
2025-12-11 02:05:19,229 [INFO] 127.0.0.1 - - [11/Dec/2025 02:05:19] "GET / HTTP/1.1" 200 -
2025-12-11 02:05:19,363 [INFO] 127.0.0.1 - - [11/Dec/2025 02:05:19] "GET /static/images/graph.png HTTP/1.1" 200 -
2025-12-11 02:05:19,369 [INFO] 127.0.0.1 - - [11/Dec/2025 02:05:19] "GET /static/css/homepage.css HTTP/1.1" 200 -
2025-12-11 02:05:19,373 [INFO] 127.0.0.1 - - [11/Dec/2025 02:05:19] "GET /static/images/MediCare_.png HTTP/1.1" 200 -
2025-12-11 02:05:33,567 [INFO] 127.0.0.1 - - [11/Dec/2025 02:05:33] "GET /about HTTP/1.1" 200 -
2025-12-11 02:05:33,593 [INFO] 127.0.0.1 - - [11/Dec/2025 02:05:33] "GET /static/css/about.css HTTP/1.1" 200 -
2025-12-11 02:05:33,597 [INFO] 127.0.0.1 - - [11/Dec/2025 02:05:33] "[36mGET /static/images/MediCare_.png HTTP/1.1[0m" 304 -
2025-12-11 02:05:34,404 [INFO] 127.0.0.1 - - [11/Dec/2025 02:05:34] "GET /login HTTP/1.1" 200 -
2025-12-11 02:05:34,426 [INFO] 127.0.0.1 - - [11/Dec/2025 02:05:34] "GET /static/css/login.css HTTP/1.1" 200 -
2025-12-11 02:05:34,430 [INFO] 127.0.0.1 - - [11/Dec/2025 02:05:34] "[36mGET /static/images/MediCare_.png HTTP/1.1[0m" 304 -
2025-12-11 02:05:35,077 [INFO] 127.0.0.1 - - [11/Dec/2025 02:05:35] "GET /register HTTP/1.1" 200 -
2025-12-11 02:05:35,099 [INFO] 127.0.0.1 - - [11/Dec/2025 02:05:35] "GET /static/css/registerform.css HTTP/1.1" 200 -
2025-12-11 02:05:35,105 [INFO] 127.0.0.1 - - [11/Dec/2025 02:05:35] "[36mGET /static/images/MediCare_.png HTTP/1.1[0m" 304 -
2025-12-11 02:05:38,114 [INFO] 127.0.0.1 - - [11/Dec/2025 02:05:38] "GET / HTTP/1.1" 200 -
2025-12-11 02:05:38,142 [INFO] 127.0.0.1 - - [11/Dec/2025 02:05:38] "[36mGET /static/css/homepage.css HTTP/1.1[0m" 304 -
2025-12-11 02:05:38,146 [INFO] 127.0.0.1 - - [11/Dec/2025 02:05:38] "[36mGET /static/images/graph.png HTTP/1.1[0m" 304 -
2025-12-11 02:05:38,147 [INFO] 127.0.0.1 - - [11/Dec/2025 02:05:38] "[36mGET /static/images/MediCare_.png HTTP/1.1[0m" 304 -
2025-12-11 02:05:39,321 [INFO] 127.0.0.1 - - [11/Dec/2025 02:05:39] "GET /login HTTP/1.1" 200 -
2025-12-11 02:05:39,344 [INFO] 127.0.0.1 - - [11/Dec/2025 02:05:39] "[36mGET /static/css/login.css HTTP/1.1[0m" 304 -
2025-12-11 02:05:39,349 [INFO] 127.0.0.1 - - [11/Dec/2025 02:05:39] "[36mGET /static/images/MediCare_.png HTTP/1.1[0m" 304 -
2025-12-11 02:05:46,361 [INFO] 127.0.0.1 - - [11/Dec/2025 02:05:46] "[32mPOST /login HTTP/1.1[0m" 302 -
2025-12-11 02:05:46,370 [INFO] 127.0.0.1 - - [11/Dec/2025 02:05:46] "[32mGET /dashboard HTTP/1.1[0m" 302 -
2025-12-11 02:05:46,380 [INFO] 127.0.0.1 - - [11/Dec/2025 02:05:46] "GET /admin_dashboard HTTP/1.1" 200 -
2025-12-11 02:05:46,405 [INFO] 127.0.0.1 - - [11/Dec/2025 02:05:46] "GET /static/css/dashboard.css HTTP/1.1" 200 -
2025-12-11 02:05:46,409 [INFO] 127.0.0.1 - - [11/Dec/2025 02:05:46] "[36mGET /static/images/MediCare_.png HTTP/1.1[0m" 304 -
2025-12-11 02:05:49,465 [INFO] 127.0.0.1 - - [11/Dec/2025 02:05:49] "GET /view_doctors HTTP/1.1" 200 -
2025-12-11 02:05:49,492 [INFO] 127.0.0.1 - - [11/Dec/2025 02:05:49] "GET /static/css/doctors.css HTTP/1.1" 200 -
2025-12-11 02:05:49,495 [INFO] 127.0.0.1 - - [11/Dec/2025 02:05:49] "[36mGET /static/images/MediCare_.png HTTP/1.1[0m" 304 -
2025-12-11 02:05:52,507 [INFO] 127.0.0.1 - - [11/Dec/2025 02:05:52] "[32mGET /logout HTTP/1.1[0m" 302 -
2025-12-11 02:05:52,517 [INFO] 127.0.0.1 - - [11/Dec/2025 02:05:52] "GET /login HTTP/1.1" 200 -
2025-12-11 02:05:52,545 [INFO] 127.0.0.1 - - [11/Dec/2025 02:05:52] "[36mGET /static/css/login.css HTTP/1.1[0m" 304 -
2025-12-11 02:05:52,549 [INFO] 127.0.0.1 - - [11/Dec/2025 02:05:52] "[36mGET /static/images/MediCare_.png HTTP/1.1[0m" 304 -
2025-12-11 02:06:04,178 [INFO] 127.0.0.1 - - [11/Dec/2025 02:06:04] "[32mPOST /login HTTP/1.1[0m" 302 -
2025-12-11 02:06:04,196 [INFO] 127.0.0.1 - - [11/Dec/2025 02:06:04] "GET /dashboard HTTP/1.1" 200 -
2025-12-11 02:06:04,227 [INFO] 127.0.0.1 - - [11/Dec/2025 02:06:04] "[36mGET /static/css/dashboard.css HTTP/1.1[0m" 304 -
2025-12-11 02:06:04,231 [INFO] 127.0.0.1 - - [11/Dec/2025 02:06:04] "[36mGET /static/images/MediCare_.png HTTP/1.1[0m" 304 -
2025-12-11 02:06:10,500 [INFO] 127.0.0.1 - - [11/Dec/2025 02:06:10] "GET /view_reports HTTP/1.1" 200 -
2025-12-11 02:06:14,468 [INFO] 127.0.0.1 - - [11/Dec/2025 02:06:14] "GET /view_reports HTTP/1.1" 200 -
2025-12-11 02:06:14,496 [INFO] 127.0.0.1 - - [11/Dec/2025 02:06:14] "GET /static/css/view_reports.css HTTP/1.1" 200 -
2025-12-11 02:06:14,498 [INFO] 127.0.0.1 - - [11/Dec/2025 02:06:14] "[36mGET /static/images/MediCare_.png HTTP/1.1[0m" 304 -
2025-12-11 02:06:15,859 [INFO] 127.0.0.1 - - [11/Dec/2025 02:06:15] "GET /create_report HTTP/1.1" 200 -
2025-12-11 02:06:15,887 [INFO] 127.0.0.1 - - [11/Dec/2025 02:06:15] "GET /static/css/create_report.css HTTP/1.1" 200 -
2025-12-11 02:06:15,890 [INFO] 127.0.0.1 - - [11/Dec/2025 02:06:15] "[36mGET /static/images/MediCare_.png HTTP/1.1[0m" 304 -
2025-12-11 02:06:18,609 [INFO] 127.0.0.1 - - [11/Dec/2025 02:06:18] "GET /dashboard HTTP/1.1" 200 -
2025-12-11 02:06:18,635 [INFO] 127.0.0.1 - - [11/Dec/2025 02:06:18] "[36mGET /static/css/dashboard.css HTTP/1.1[0m" 304 -
2025-12-11 02:06:18,641 [INFO] 127.0.0.1 - - [11/Dec/2025 02:06:18] "[36mGET /static/images/MediCare_.png HTTP/1.1[0m" 304 -
2025-12-11 02:06:19,999 [INFO] 127.0.0.1 - - [11/Dec/2025 02:06:19] "GET /create_report HTTP/1.1" 200 -
2025-12-11 02:06:20,026 [INFO] 127.0.0.1 - - [11/Dec/2025 02:06:20] "[36mGET /static/css/create_report.css HTTP/1.1[0m" 304 -
2025-12-11 02:06:20,029 [INFO] 127.0.0.1 - - [11/Dec/2025 02:06:20] "[36mGET /static/images/MediCare_.png HTTP/1.1[0m" 304 -
2025-12-11 02:06:22,124 [INFO] 127.0.0.1 - - [11/Dec/2025 02:06:22] "GET /view_patients HTTP/1.1" 200 -
2025-12-11 02:06:22,149 [INFO] 127.0.0.1 - - [11/Dec/2025 02:06:22] "[36mGET /static/images/MediCare_.png HTTP/1.1[0m" 304 -
2025-12-11 02:06:22,154 [INFO] 127.0.0.1 - - [11/Dec/2025 02:06:22] "GET /static/css/view_patients.css HTTP/1.1" 200 -
2025-12-11 02:06:25,542 [INFO] 127.0.0.1 - - [11/Dec/2025 02:06:25] "[32mGET /logout HTTP/1.1[0m" 302 -
2025-12-11 02:06:25,553 [INFO] 127.0.0.1 - - [11/Dec/2025 02:06:25] "GET /login HTTP/1.1" 200 -
2025-12-11 02:06:25,583 [INFO] 127.0.0.1 - - [11/Dec/2025 02:06:25] "[36mGET /static/css/login.css HTTP/1.1[0m" 304 -
2025-12-11 02:06:25,585 [INFO] 127.0.0.1 - - [11/Dec/2025 02:06:25] "[36mGET /static/images/MediCare_.png HTTP/1.1[0m" 304 -
